DEBUG http-nio-8080-exec-1 freemarker.cache - Couldn't find template in cache for "error.ftl"("zh_CN", UTF-8, parsed); will try to load it.
DEBUG http-nio-8080-exec-1 freemarker.cache - TemplateLoader.findTemplateSource("error_zh_CN.ftl"): Not found
DEBUG http-nio-8080-exec-1 freemarker.cache - TemplateLoader.findTemplateSource("error_zh.ftl"): Not found
DEBUG http-nio-8080-exec-1 freemarker.cache - TemplateLoader.findTemplateSource("error.ftl"): Not found
DEBUG http-nio-8080-exec-4 freemarker.cache - TemplateLoader.findTemplateSource("error_zh_CN.ftl"): Not found
DEBUG http-nio-8080-exec-4 freemarker.cache - TemplateLoader.findTemplateSource("error_zh.ftl"): Not found
DEBUG http-nio-8080-exec-4 freemarker.cache - TemplateLoader.findTemplateSource("error.ftl"): Not found
DEBUG http-nio-8080-exec-4 freemarker.cache - "error.ftl"("zh_CN", UTF-8, parsed) no source found.
DEBUG http-nio-8080-exec-6 freemarker.cache - TemplateLoader.findTemplateSource("error_zh_CN.ftl"): Not found
DEBUG http-nio-8080-exec-6 freemarker.cache - TemplateLoader.findTemplateSource("error_zh.ftl"): Not found
DEBUG http-nio-8080-exec-6 freemarker.cache - TemplateLoader.findTemplateSource("error.ftl"): Not found
DEBUG http-nio-8080-exec-6 freemarker.cache - "error.ftl"("zh_CN", UTF-8, parsed) no source found.
DEBUG http-nio-8080-exec-7 freemarker.cache - "error.ftl"("zh_CN", UTF-8, parsed) cached copy not yet stale; using cached.
DEBUG http-nio-8080-exec-9 freemarker.cache - "error.ftl"("zh_CN", UTF-8, parsed) cached copy not yet stale; using cached.
DEBUG http-nio-8080-exec-1 freemarker.cache - "error.ftl"("zh_CN", UTF-8, parsed) cached copy not yet stale; using cached.
DEBUG http-nio-8080-exec-3 freemarker.cache - "error.ftl"("zh_CN", UTF-8, parsed) cached copy not yet stale; using cached.
DEBUG http-nio-8080-exec-5 freemarker.cache - "error.ftl"("zh_CN", UTF-8, parsed) cached copy not yet stale; using cached.
DEBUG http-nio-8080-exec-7 freemarker.cache - "error.ftl"("zh_CN", UTF-8, parsed) cached copy not yet stale; using cached.
DEBUG http-nio-8080-exec-1 freemarker.cache - Couldn't find template in cache for "error.ftl"("zh_CN", UTF-8, parsed); will try to load it.
DEBUG http-nio-8080-exec-1 freemarker.cache - TemplateLoader.findTemplateSource("error_zh_CN.ftl"): Not found
DEBUG http-nio-8080-exec-1 freemarker.cache - TemplateLoader.findTemplateSource("error_zh.ftl"): Not found
DEBUG http-nio-8080-exec-1 freemarker.cache - TemplateLoader.findTemplateSource("error.ftl"): Not found
DEBUG http-nio-8080-exec-2 freemarker.cache - TemplateLoader.findTemplateSource("error_zh_CN.ftl"): Not found
DEBUG http-nio-8080-exec-2 freemarker.cache - TemplateLoader.findTemplateSource("error_zh.ftl"): Not found
DEBUG http-nio-8080-exec-2 freemarker.cache - TemplateLoader.findTemplateSource("error.ftl"): Not found
DEBUG http-nio-8080-exec-2 freemarker.cache - "error.ftl"("zh_CN", UTF-8, parsed) no source found.
DEBUG http-nio-8080-exec-6 freemarker.cache - "error.ftl"("zh_CN", UTF-8, parsed) cached copy not yet stale; using cached.
DEBUG http-nio-8080-exec-4 freemarker.cache - "error.ftl"("zh_CN", UTF-8, parsed) cached copy not yet stale; using cached.
DEBUG http-nio-8080-exec-8 freemarker.cache - "error.ftl"("zh_CN", UTF-8, parsed) cached copy not yet stale; using cached.
DEBUG http-nio-8080-exec-10 freemarker.cache - "error.ftl"("zh_CN", UTF-8, parsed) cached copy not yet stale; using cached.
DEBUG http-nio-8080-exec-2 freemarker.cache - "error.ftl"("zh_CN", UTF-8, parsed) cached copy not yet stale; using cached.
DEBUG http-nio-8080-exec-6 freemarker.cache - "error.ftl"("zh_CN", UTF-8, parsed) cached copy not yet stale; using cached.
DEBUG http-nio-8080-exec-4 freemarker.cache - "error.ftl"("zh_CN", UTF-8, parsed) cached copy not yet stale; using cached.
DEBUG http-nio-8080-exec-9 freemarker.cache - TemplateLoader.findTemplateSource("error_zh_CN.ftl"): Not found
DEBUG http-nio-8080-exec-9 freemarker.cache - TemplateLoader.findTemplateSource("error_zh.ftl"): Not found
DEBUG http-nio-8080-exec-9 freemarker.cache - TemplateLoader.findTemplateSource("error.ftl"): Not found
DEBUG http-nio-8080-exec-9 freemarker.cache - "error.ftl"("zh_CN", UTF-8, parsed) no source found.
DEBUG http-nio-8080-exec-1 freemarker.cache - TemplateLoader.findTemplateSource("error_zh_CN.ftl"): Not found
DEBUG http-nio-8080-exec-1 freemarker.cache - TemplateLoader.findTemplateSource("error_zh.ftl"): Not found
DEBUG http-nio-8080-exec-1 freemarker.cache - TemplateLoader.findTemplateSource("error.ftl"): Not found
DEBUG http-nio-8080-exec-1 freemarker.cache - "error.ftl"("zh_CN", UTF-8, parsed) no source found.
DEBUG http-nio-8080-exec-2 freemarker.cache - TemplateLoader.findTemplateSource("error_zh_CN.ftl"): Not found
DEBUG http-nio-8080-exec-2 freemarker.cache - TemplateLoader.findTemplateSource("error_zh.ftl"): Not found
DEBUG http-nio-8080-exec-2 freemarker.cache - TemplateLoader.findTemplateSource("error.ftl"): Not found
DEBUG http-nio-8080-exec-2 freemarker.cache - "error.ftl"("zh_CN", UTF-8, parsed) no source found.
DEBUG http-nio-8080-exec-6 freemarker.cache - TemplateLoader.findTemplateSource("error_zh_CN.ftl"): Not found
DEBUG http-nio-8080-exec-6 freemarker.cache - TemplateLoader.findTemplateSource("error_zh.ftl"): Not found
DEBUG http-nio-8080-exec-6 freemarker.cache - TemplateLoader.findTemplateSource("error.ftl"): Not found
DEBUG http-nio-8080-exec-6 freemarker.cache - "error.ftl"("zh_CN", UTF-8, parsed) no source found.
DEBUG http-nio-8080-exec-7 freemarker.cache - TemplateLoader.findTemplateSource("error_zh_CN.ftl"): Not found
DEBUG http-nio-8080-exec-7 freemarker.cache - TemplateLoader.findTemplateSource("error_zh.ftl"): Not found
DEBUG http-nio-8080-exec-7 freemarker.cache - TemplateLoader.findTemplateSource("error.ftl"): Not found
DEBUG http-nio-8080-exec-7 freemarker.cache - "error.ftl"("zh_CN", UTF-8, parsed) no source found.
DEBUG http-nio-8080-exec-9 freemarker.cache - TemplateLoader.findTemplateSource("error_zh_CN.ftl"): Not found
DEBUG http-nio-8080-exec-9 freemarker.cache - TemplateLoader.findTemplateSource("error_zh.ftl"): Not found
DEBUG http-nio-8080-exec-9 freemarker.cache - TemplateLoader.findTemplateSource("error.ftl"): Not found
DEBUG http-nio-8080-exec-9 freemarker.cache - "error.ftl"("zh_CN", UTF-8, parsed) no source found.
DEBUG http-nio-8088-exec-1 freemarker.cache - Couldn't find template in cache for "error.ftl"("zh_CN", UTF-8, parsed); will try to load it.
DEBUG http-nio-8088-exec-1 freemarker.cache - TemplateLoader.findTemplateSource("error_zh_CN.ftl"): Not found
DEBUG http-nio-8088-exec-1 freemarker.cache - TemplateLoader.findTemplateSource("error_zh.ftl"): Not found
DEBUG http-nio-8088-exec-1 freemarker.cache - TemplateLoader.findTemplateSource("error.ftl"): Not found
DEBUG http-nio-8088-exec-2 freemarker.cache - TemplateLoader.findTemplateSource("error_zh_CN.ftl"): Not found
DEBUG http-nio-8088-exec-2 freemarker.cache - TemplateLoader.findTemplateSource("error_zh.ftl"): Not found
DEBUG http-nio-8088-exec-2 freemarker.cache - TemplateLoader.findTemplateSource("error.ftl"): Not found
DEBUG http-nio-8088-exec-2 freemarker.cache - "error.ftl"("zh_CN", UTF-8, parsed) no source found.
DEBUG http-nio-8088-exec-4 freemarker.cache - "error.ftl"("zh_CN", UTF-8, parsed) cached copy not yet stale; using cached.
DEBUG http-nio-8088-exec-7 freemarker.cache - "error.ftl"("zh_CN", UTF-8, parsed) cached copy not yet stale; using cached.
DEBUG http-nio-8088-exec-9 freemarker.cache - "error.ftl"("zh_CN", UTF-8, parsed) cached copy not yet stale; using cached.
DEBUG http-nio-8088-exec-1 freemarker.cache - "error.ftl"("zh_CN", UTF-8, parsed) cached copy not yet stale; using cached.
DEBUG http-nio-8088-exec-2 freemarker.cache - "error.ftl"("zh_CN", UTF-8, parsed) cached copy not yet stale; using cached.
DEBUG http-nio-8088-exec-5 freemarker.cache - "error.ftl"("zh_CN", UTF-8, parsed) cached copy not yet stale; using cached.
DEBUG http-nio-8088-exec-7 freemarker.cache - TemplateLoader.findTemplateSource("error_zh_CN.ftl"): Not found
DEBUG http-nio-8088-exec-7 freemarker.cache - TemplateLoader.findTemplateSource("error_zh.ftl"): Not found
DEBUG http-nio-8088-exec-7 freemarker.cache - TemplateLoader.findTemplateSource("error.ftl"): Not found
DEBUG http-nio-8088-exec-7 freemarker.cache - "error.ftl"("zh_CN", UTF-8, parsed) no source found.
DEBUG http-nio-8088-exec-1 freemarker.cache - Couldn't find template in cache for "error.ftl"("zh_CN", UTF-8, parsed); will try to load it.
DEBUG http-nio-8088-exec-1 freemarker.cache - TemplateLoader.findTemplateSource("error_zh_CN.ftl"): Not found
DEBUG http-nio-8088-exec-1 freemarker.cache - TemplateLoader.findTemplateSource("error_zh.ftl"): Not found
DEBUG http-nio-8088-exec-1 freemarker.cache - TemplateLoader.findTemplateSource("error.ftl"): Not found
DEBUG http-nio-8088-exec-2 freemarker.cache - "error.ftl"("zh_CN", UTF-8, parsed) cached copy not yet stale; using cached.
DEBUG http-nio-8088-exec-6 freemarker.cache - "error.ftl"("zh_CN", UTF-8, parsed) cached copy not yet stale; using cached.
DEBUG http-nio-8088-exec-8 freemarker.cache - "error.ftl"("zh_CN", UTF-8, parsed) cached copy not yet stale; using cached.
DEBUG http-nio-8088-exec-9 freemarker.cache - TemplateLoader.findTemplateSource("error_zh_CN.ftl"): Not found
DEBUG http-nio-8088-exec-9 freemarker.cache - TemplateLoader.findTemplateSource("error_zh.ftl"): Not found
DEBUG http-nio-8088-exec-9 freemarker.cache - TemplateLoader.findTemplateSource("error.ftl"): Not found
DEBUG http-nio-8088-exec-9 freemarker.cache - "error.ftl"("zh_CN", UTF-8, parsed) no source found.
DEBUG http-nio-8088-exec-1 freemarker.cache - TemplateLoader.findTemplateSource("error_zh_CN.ftl"): Not found
DEBUG http-nio-8088-exec-1 freemarker.cache - TemplateLoader.findTemplateSource("error_zh.ftl"): Not found
DEBUG http-nio-8088-exec-1 freemarker.cache - TemplateLoader.findTemplateSource("error.ftl"): Not found
DEBUG http-nio-8088-exec-1 freemarker.cache - "error.ftl"("zh_CN", UTF-8, parsed) no source found.
DEBUG http-nio-8088-exec-3 freemarker.cache - TemplateLoader.findTemplateSource("error_zh_CN.ftl"): Not found
DEBUG http-nio-8088-exec-3 freemarker.cache - TemplateLoader.findTemplateSource("error_zh.ftl"): Not found
DEBUG http-nio-8088-exec-3 freemarker.cache - TemplateLoader.findTemplateSource("error.ftl"): Not found
DEBUG http-nio-8088-exec-3 freemarker.cache - "error.ftl"("zh_CN", UTF-8, parsed) no source found.
DEBUG http-nio-8088-exec-6 freemarker.cache - "error.ftl"("zh_CN", UTF-8, parsed) cached copy not yet stale; using cached.
DEBUG http-nio-8088-exec-5 freemarker.cache - TemplateLoader.findTemplateSource("error_zh_CN.ftl"): Not found
DEBUG http-nio-8088-exec-5 freemarker.cache - TemplateLoader.findTemplateSource("error_zh.ftl"): Not found
DEBUG http-nio-8088-exec-5 freemarker.cache - TemplateLoader.findTemplateSource("error.ftl"): Not found
DEBUG http-nio-8088-exec-5 freemarker.cache - "error.ftl"("zh_CN", UTF-8, parsed) no source found.
DEBUG http-nio-8088-exec-7 freemarker.cache - "error.ftl"("zh_CN", UTF-8, parsed) cached copy not yet stale; using cached.
DEBUG http-nio-8088-exec-9 freemarker.cache - "error.ftl"("zh_CN", UTF-8, parsed) cached copy not yet stale; using cached.
DEBUG http-nio-8088-exec-1 freemarker.cache - "error.ftl"("zh_CN", UTF-8, parsed) cached copy not yet stale; using cached.
DEBUG http-nio-8088-exec-3 freemarker.cache - "error.ftl"("zh_CN", UTF-8, parsed) cached copy not yet stale; using cached.
DEBUG http-nio-8088-exec-5 freemarker.cache - "error.ftl"("zh_CN", UTF-8, parsed) cached copy not yet stale; using cached.
DEBUG http-nio-8088-exec-7 freemarker.cache - "error.ftl"("zh_CN", UTF-8, parsed) cached copy not yet stale; using cached.
DEBUG http-nio-8088-exec-9 freemarker.cache - "error.ftl"("zh_CN", UTF-8, parsed) cached copy not yet stale; using cached.
DEBUG http-nio-8088-exec-1 freemarker.cache - "error.ftl"("zh_CN", UTF-8, parsed) cached copy not yet stale; using cached.
DEBUG http-nio-8088-exec-1 freemarker.cache - Couldn't find template in cache for "error.ftl"("zh_CN", UTF-8, parsed); will try to load it.
DEBUG http-nio-8088-exec-1 freemarker.cache - TemplateLoader.findTemplateSource("error_zh_CN.ftl"): Not found
DEBUG http-nio-8088-exec-1 freemarker.cache - TemplateLoader.findTemplateSource("error_zh.ftl"): Not found
DEBUG http-nio-8088-exec-1 freemarker.cache - TemplateLoader.findTemplateSource("error.ftl"): Not found
DEBUG http-nio-8088-exec-2 freemarker.cache - "error.ftl"("zh_CN", UTF-8, parsed) cached copy not yet stale; using cached.
DEBUG http-nio-8088-exec-4 freemarker.cache - "error.ftl"("zh_CN", UTF-8, parsed) cached copy not yet stale; using cached.
DEBUG http-nio-8088-exec-7 freemarker.cache - "error.ftl"("zh_CN", UTF-8, parsed) cached copy not yet stale; using cached.
DEBUG http-nio-8088-exec-6 freemarker.cache - "error.ftl"("zh_CN", UTF-8, parsed) cached copy not yet stale; using cached.
DEBUG http-nio-8088-exec-9 freemarker.cache - "error.ftl"("zh_CN", UTF-8, parsed) cached copy not yet stale; using cached.
DEBUG http-nio-8088-exec-1 freemarker.cache - Couldn't find template in cache for "error.ftl"("zh_CN", UTF-8, parsed); will try to load it.
DEBUG http-nio-8088-exec-1 freemarker.cache - TemplateLoader.findTemplateSource("error_zh_CN.ftl"): Not found
DEBUG http-nio-8088-exec-1 freemarker.cache - TemplateLoader.findTemplateSource("error_zh.ftl"): Not found
DEBUG http-nio-8088-exec-1 freemarker.cache - TemplateLoader.findTemplateSource("error.ftl"): Not found
DEBUG http-nio-8088-exec-3 freemarker.cache - TemplateLoader.findTemplateSource("error_zh_CN.ftl"): Not found
DEBUG http-nio-8088-exec-3 freemarker.cache - TemplateLoader.findTemplateSource("error_zh.ftl"): Not found
DEBUG http-nio-8088-exec-3 freemarker.cache - TemplateLoader.findTemplateSource("error.ftl"): Not found
DEBUG http-nio-8088-exec-3 freemarker.cache - "error.ftl"("zh_CN", UTF-8, parsed) no source found.
DEBUG http-nio-8088-exec-4 freemarker.cache - TemplateLoader.findTemplateSource("error_zh_CN.ftl"): Not found
DEBUG http-nio-8088-exec-4 freemarker.cache - TemplateLoader.findTemplateSource("error_zh.ftl"): Not found
DEBUG http-nio-8088-exec-4 freemarker.cache - TemplateLoader.findTemplateSource("error.ftl"): Not found
DEBUG http-nio-8088-exec-4 freemarker.cache - "error.ftl"("zh_CN", UTF-8, parsed) no source found.
DEBUG http-nio-8088-exec-1 freemarker.cache - Couldn't find template in cache for "error.ftl"("zh_CN", UTF-8, parsed); will try to load it.
DEBUG http-nio-8088-exec-1 freemarker.cache - TemplateLoader.findTemplateSource("error_zh_CN.ftl"): Not found
DEBUG http-nio-8088-exec-1 freemarker.cache - TemplateLoader.findTemplateSource("error_zh.ftl"): Not found
DEBUG http-nio-8088-exec-1 freemarker.cache - TemplateLoader.findTemplateSource("error.ftl"): Not found
DEBUG http-nio-8088-exec-4 freemarker.cache - TemplateLoader.findTemplateSource("error_zh_CN.ftl"): Not found
DEBUG http-nio-8088-exec-4 freemarker.cache - TemplateLoader.findTemplateSource("error_zh.ftl"): Not found
DEBUG http-nio-8088-exec-4 freemarker.cache - TemplateLoader.findTemplateSource("error.ftl"): Not found
DEBUG http-nio-8088-exec-4 freemarker.cache - "error.ftl"("zh_CN", UTF-8, parsed) no source found.
DEBUG http-nio-8088-exec-2 freemarker.cache - Couldn't find template in cache for "error.ftl"("zh_CN", UTF-8, parsed); will try to load it.
DEBUG http-nio-8088-exec-2 freemarker.cache - TemplateLoader.findTemplateSource("error_zh_CN.ftl"): Not found
DEBUG http-nio-8088-exec-2 freemarker.cache - TemplateLoader.findTemplateSource("error_zh.ftl"): Not found
DEBUG http-nio-8088-exec-2 freemarker.cache - TemplateLoader.findTemplateSource("error.ftl"): Not found
DEBUG http-nio-8088-exec-1 freemarker.cache - Couldn't find template in cache for "index2.ftl"("zh_CN", UTF-8, parsed); will try to load it.
DEBUG http-nio-8088-exec-1 freemarker.cache - TemplateLoader.findTemplateSource("index2_zh_CN.ftl"): Not found
DEBUG http-nio-8088-exec-1 freemarker.cache - TemplateLoader.findTemplateSource("index2_zh.ftl"): Not found
DEBUG http-nio-8088-exec-1 freemarker.cache - TemplateLoader.findTemplateSource("index2.ftl"): Not found
DEBUG http-nio-8088-exec-1 freemarker.cache - Couldn't find template in cache for "error.ftl"("zh_CN", UTF-8, parsed); will try to load it.
DEBUG http-nio-8088-exec-1 freemarker.cache - TemplateLoader.findTemplateSource("error_zh_CN.ftl"): Not found
DEBUG http-nio-8088-exec-1 freemarker.cache - TemplateLoader.findTemplateSource("error_zh.ftl"): Not found
DEBUG http-nio-8088-exec-1 freemarker.cache - TemplateLoader.findTemplateSource("error.ftl"): Not found
DEBUG http-nio-8088-exec-4 freemarker.cache - TemplateLoader.findTemplateSource("index2_zh_CN.ftl"): Not found
DEBUG http-nio-8088-exec-4 freemarker.cache - TemplateLoader.findTemplateSource("index2_zh.ftl"): Not found
DEBUG http-nio-8088-exec-4 freemarker.cache - TemplateLoader.findTemplateSource("index2.ftl"): Not found
DEBUG http-nio-8088-exec-4 freemarker.cache - "index2.ftl"("zh_CN", UTF-8, parsed) no source found.
DEBUG http-nio-8088-exec-4 freemarker.cache - TemplateLoader.findTemplateSource("error_zh_CN.ftl"): Not found
DEBUG http-nio-8088-exec-4 freemarker.cache - TemplateLoader.findTemplateSource("error_zh.ftl"): Not found
DEBUG http-nio-8088-exec-4 freemarker.cache - TemplateLoader.findTemplateSource("error.ftl"): Not found
DEBUG http-nio-8088-exec-4 freemarker.cache - "error.ftl"("zh_CN", UTF-8, parsed) no source found.
DEBUG http-nio-8088-exec-1 freemarker.cache - Couldn't find template in cache for "index3.ftl"("zh_CN", UTF-8, parsed); will try to load it.
DEBUG http-nio-8088-exec-1 freemarker.cache - TemplateLoader.findTemplateSource("index3_zh_CN.ftl"): Not found
DEBUG http-nio-8088-exec-1 freemarker.cache - TemplateLoader.findTemplateSource("index3_zh.ftl"): Not found
DEBUG http-nio-8088-exec-1 freemarker.cache - TemplateLoader.findTemplateSource("index3.ftl"): Not found
DEBUG http-nio-8088-exec-1 freemarker.cache - Couldn't find template in cache for "error.ftl"("zh_CN", UTF-8, parsed); will try to load it.
DEBUG http-nio-8088-exec-1 freemarker.cache - TemplateLoader.findTemplateSource("error_zh_CN.ftl"): Not found
DEBUG http-nio-8088-exec-1 freemarker.cache - TemplateLoader.findTemplateSource("error_zh.ftl"): Not found
DEBUG http-nio-8088-exec-1 freemarker.cache - TemplateLoader.findTemplateSource("error.ftl"): Not found
DEBUG http-nio-8088-exec-2 freemarker.cache - "index3.ftl"("zh_CN", UTF-8, parsed) cached copy not yet stale; using cached.
DEBUG http-nio-8088-exec-2 freemarker.cache - "error.ftl"("zh_CN", UTF-8, parsed) cached copy not yet stale; using cached.
DEBUG http-nio-8088-exec-1 freemarker.cache - Couldn't find template in cache for "index3.ftl"("zh_CN", UTF-8, parsed); will try to load it.
DEBUG http-nio-8088-exec-1 freemarker.cache - TemplateLoader.findTemplateSource("index3_zh_CN.ftl"): Not found
DEBUG http-nio-8088-exec-1 freemarker.cache - TemplateLoader.findTemplateSource("index3_zh.ftl"): Not found
DEBUG http-nio-8088-exec-1 freemarker.cache - TemplateLoader.findTemplateSource("index3.ftl"): Not found
DEBUG http-nio-8088-exec-1 freemarker.cache - Couldn't find template in cache for "error.ftl"("zh_CN", UTF-8, parsed); will try to load it.
DEBUG http-nio-8088-exec-1 freemarker.cache - TemplateLoader.findTemplateSource("error_zh_CN.ftl"): Not found
DEBUG http-nio-8088-exec-1 freemarker.cache - TemplateLoader.findTemplateSource("error_zh.ftl"): Not found
DEBUG http-nio-8088-exec-1 freemarker.cache - TemplateLoader.findTemplateSource("error.ftl"): Not found
DEBUG http-nio-8088-exec-1 freemarker.cache - Couldn't find template in cache for "index3.ftl"("zh_CN", UTF-8, parsed); will try to load it.
DEBUG http-nio-8088-exec-1 freemarker.cache - TemplateLoader.findTemplateSource("index3_zh_CN.ftl"): Not found
DEBUG http-nio-8088-exec-1 freemarker.cache - TemplateLoader.findTemplateSource("index3_zh.ftl"): Not found
DEBUG http-nio-8088-exec-1 freemarker.cache - TemplateLoader.findTemplateSource("index3.ftl"): Not found
DEBUG http-nio-8088-exec-1 freemarker.cache - Couldn't find template in cache for "error.ftl"("zh_CN", UTF-8, parsed); will try to load it.
DEBUG http-nio-8088-exec-1 freemarker.cache - TemplateLoader.findTemplateSource("error_zh_CN.ftl"): Not found
DEBUG http-nio-8088-exec-1 freemarker.cache - TemplateLoader.findTemplateSource("error_zh.ftl"): Not found
DEBUG http-nio-8088-exec-1 freemarker.cache - TemplateLoader.findTemplateSource("error.ftl"): Not found
DEBUG http-nio-8088-exec-1 freemarker.cache - Couldn't find template in cache for "index3.ftl"("zh_CN", UTF-8, parsed); will try to load it.
DEBUG http-nio-8088-exec-1 freemarker.cache - TemplateLoader.findTemplateSource("index3_zh_CN.ftl"): Not found
DEBUG http-nio-8088-exec-1 freemarker.cache - TemplateLoader.findTemplateSource("index3_zh.ftl"): Not found
DEBUG http-nio-8088-exec-1 freemarker.cache - TemplateLoader.findTemplateSource("index3.ftl"): Not found
DEBUG http-nio-8088-exec-1 freemarker.cache - Couldn't find template in cache for "error.ftl"("zh_CN", UTF-8, parsed); will try to load it.
DEBUG http-nio-8088-exec-1 freemarker.cache - TemplateLoader.findTemplateSource("error_zh_CN.ftl"): Not found
DEBUG http-nio-8088-exec-1 freemarker.cache - TemplateLoader.findTemplateSource("error_zh.ftl"): Not found
DEBUG http-nio-8088-exec-1 freemarker.cache - TemplateLoader.findTemplateSource("error.ftl"): Not found
DEBUG http-nio-8088-exec-2 freemarker.cache - "index3.ftl"("zh_CN", UTF-8, parsed) cached copy not yet stale; using cached.
DEBUG http-nio-8088-exec-2 freemarker.cache - "error.ftl"("zh_CN", UTF-8, parsed) cached copy not yet stale; using cached.
DEBUG http-nio-8088-exec-1 freemarker.cache - Couldn't find template in cache for "index3.ftl"("zh_CN", UTF-8, parsed); will try to load it.
DEBUG http-nio-8088-exec-1 freemarker.cache - TemplateLoader.findTemplateSource("index3_zh_CN.ftl"): Not found
DEBUG http-nio-8088-exec-1 freemarker.cache - TemplateLoader.findTemplateSource("index3_zh.ftl"): Not found
DEBUG http-nio-8088-exec-1 freemarker.cache - TemplateLoader.findTemplateSource("index3.ftl"): Not found
DEBUG http-nio-8088-exec-1 freemarker.cache - Couldn't find template in cache for "error.ftl"("zh_CN", UTF-8, parsed); will try to load it.
DEBUG http-nio-8088-exec-1 freemarker.cache - TemplateLoader.findTemplateSource("error_zh_CN.ftl"): Not found
DEBUG http-nio-8088-exec-1 freemarker.cache - TemplateLoader.findTemplateSource("error_zh.ftl"): Not found
DEBUG http-nio-8088-exec-1 freemarker.cache - TemplateLoader.findTemplateSource("error.ftl"): Not found
DEBUG http-nio-8088-exec-1 freemarker.cache - Couldn't find template in cache for "index3.ftl"("zh_CN", UTF-8, parsed); will try to load it.
DEBUG http-nio-8088-exec-1 freemarker.cache - TemplateLoader.findTemplateSource("index3_zh_CN.ftl"): Not found
DEBUG http-nio-8088-exec-1 freemarker.cache - TemplateLoader.findTemplateSource("index3_zh.ftl"): Not found
DEBUG http-nio-8088-exec-1 freemarker.cache - TemplateLoader.findTemplateSource("index3.ftl"): Not found
DEBUG http-nio-8088-exec-1 freemarker.cache - Couldn't find template in cache for "error.ftl"("zh_CN", UTF-8, parsed); will try to load it.
DEBUG http-nio-8088-exec-1 freemarker.cache - TemplateLoader.findTemplateSource("error_zh_CN.ftl"): Not found
DEBUG http-nio-8088-exec-1 freemarker.cache - TemplateLoader.findTemplateSource("error_zh.ftl"): Not found
DEBUG http-nio-8088-exec-1 freemarker.cache - TemplateLoader.findTemplateSource("error.ftl"): Not found
DEBUG http-nio-8088-exec-1 freemarker.cache - Couldn't find template in cache for "index3.ftl"("zh_CN", UTF-8, parsed); will try to load it.
DEBUG http-nio-8088-exec-1 freemarker.cache - TemplateLoader.findTemplateSource("index3_zh_CN.ftl"): Not found
DEBUG http-nio-8088-exec-1 freemarker.cache - TemplateLoader.findTemplateSource("index3_zh.ftl"): Not found
DEBUG http-nio-8088-exec-1 freemarker.cache - TemplateLoader.findTemplateSource("index3.ftl"): Not found
DEBUG http-nio-8088-exec-1 freemarker.cache - Couldn't find template in cache for "index3.ftl"("zh_CN", UTF-8, parsed); will try to load it.
DEBUG http-nio-8088-exec-1 freemarker.cache - TemplateLoader.findTemplateSource("index3_zh_CN.ftl"): Not found
DEBUG http-nio-8088-exec-1 freemarker.cache - TemplateLoader.findTemplateSource("index3_zh.ftl"): Not found
DEBUG http-nio-8088-exec-1 freemarker.cache - TemplateLoader.findTemplateSource("index3.ftl"): Not found
DEBUG http-nio-8088-exec-1 freemarker.cache - Couldn't find template in cache for "error.ftl"("zh_CN", UTF-8, parsed); will try to load it.
DEBUG http-nio-8088-exec-1 freemarker.cache - TemplateLoader.findTemplateSource("error_zh_CN.ftl"): Not found
DEBUG http-nio-8088-exec-1 freemarker.cache - TemplateLoader.findTemplateSource("error_zh.ftl"): Not found
DEBUG http-nio-8088-exec-1 freemarker.cache - TemplateLoader.findTemplateSource("error.ftl"): Not found
DEBUG http-nio-8088-exec-1 freemarker.cache - Couldn't find template in cache for "index3.ftl"("zh_CN", UTF-8, parsed); will try to load it.
DEBUG http-nio-8088-exec-1 freemarker.cache - TemplateLoader.findTemplateSource("index3_zh_CN.ftl"): Not found
DEBUG http-nio-8088-exec-1 freemarker.cache - TemplateLoader.findTemplateSource("index3_zh.ftl"): Not found
DEBUG http-nio-8088-exec-1 freemarker.cache - TemplateLoader.findTemplateSource("index3.ftl"): Not found
DEBUG http-nio-8088-exec-1 freemarker.cache - Couldn't find template in cache for "index3.ftl"("zh_CN", UTF-8, parsed); will try to load it.
DEBUG http-nio-8088-exec-1 freemarker.cache - TemplateLoader.findTemplateSource("index3_zh_CN.ftl"): Not found
DEBUG http-nio-8088-exec-1 freemarker.cache - TemplateLoader.findTemplateSource("index3_zh.ftl"): Not found
DEBUG http-nio-8088-exec-1 freemarker.cache - TemplateLoader.findTemplateSource("index3.ftl"): Not found
DEBUG http-nio-8088-exec-10 freemarker.cache - TemplateLoader.findTemplateSource("index3_zh_CN.ftl"): Not found
DEBUG http-nio-8088-exec-10 freemarker.cache - TemplateLoader.findTemplateSource("index3_zh.ftl"): Not found
DEBUG http-nio-8088-exec-10 freemarker.cache - TemplateLoader.findTemplateSource("index3.ftl"): Not found
DEBUG http-nio-8088-exec-10 freemarker.cache - "index3.ftl"("zh_CN", UTF-8, parsed) no source found.
DEBUG http-nio-8088-exec-9 freemarker.cache - "index3.ftl"("zh_CN", UTF-8, parsed) cached copy not yet stale; using cached.
DEBUG http-nio-8088-exec-8 freemarker.cache - "index3.ftl"("zh_CN", UTF-8, parsed) cached copy not yet stale; using cached.
DEBUG http-nio-8088-exec-7 freemarker.cache - "index3.ftl"("zh_CN", UTF-8, parsed) cached copy not yet stale; using cached.
DEBUG http-nio-8088-exec-6 freemarker.cache - "index3.ftl"("zh_CN", UTF-8, parsed) cached copy not yet stale; using cached.
DEBUG http-nio-8088-exec-6 freemarker.cache - "index3.ftl"("zh_CN", UTF-8, parsed) cached copy not yet stale; using cached.
DEBUG http-nio-8088-exec-8 freemarker.cache - TemplateLoader.findTemplateSource("index3_zh_CN.ftl"): Not found
DEBUG http-nio-8088-exec-8 freemarker.cache - TemplateLoader.findTemplateSource("index3_zh.ftl"): Not found
DEBUG http-nio-8088-exec-8 freemarker.cache - TemplateLoader.findTemplateSource("index3.ftl"): Not found
DEBUG http-nio-8088-exec-8 freemarker.cache - "index3.ftl"("zh_CN", UTF-8, parsed) no source found.
DEBUG http-nio-8088-exec-1 freemarker.cache - TemplateLoader.findTemplateSource("index3_zh_CN.ftl"): Not found
DEBUG http-nio-8088-exec-1 freemarker.cache - TemplateLoader.findTemplateSource("index3_zh.ftl"): Not found
DEBUG http-nio-8088-exec-1 freemarker.cache - TemplateLoader.findTemplateSource("index3.ftl"): Not found
DEBUG http-nio-8088-exec-1 freemarker.cache - "index3.ftl"("zh_CN", UTF-8, parsed) no source found.
DEBUG http-nio-8088-exec-9 freemarker.cache - "index3.ftl"("zh_CN", UTF-8, parsed) cached copy not yet stale; using cached.
DEBUG http-nio-8088-exec-10 freemarker.cache - "index3.ftl"("zh_CN", UTF-8, parsed) cached copy not yet stale; using cached.
DEBUG http-nio-8088-exec-6 freemarker.cache - TemplateLoader.findTemplateSource("index3_zh_CN.ftl"): Not found
DEBUG http-nio-8088-exec-6 freemarker.cache - TemplateLoader.findTemplateSource("index3_zh.ftl"): Not found
DEBUG http-nio-8088-exec-6 freemarker.cache - TemplateLoader.findTemplateSource("index3.ftl"): Not found
DEBUG http-nio-8088-exec-6 freemarker.cache - "index3.ftl"("zh_CN", UTF-8, parsed) no source found.
DEBUG http-nio-8088-exec-1 freemarker.cache - Couldn't find template in cache for "index3.ftl"("zh_CN", UTF-8, parsed); will try to load it.
DEBUG http-nio-8088-exec-1 freemarker.cache - TemplateLoader.findTemplateSource("index3_zh_CN.ftl"): Not found
DEBUG http-nio-8088-exec-1 freemarker.cache - TemplateLoader.findTemplateSource("index3_zh.ftl"): Not found
DEBUG http-nio-8088-exec-1 freemarker.cache - TemplateLoader.findTemplateSource("index3.ftl"): Not found
DEBUG http-nio-8088-exec-10 freemarker.cache - TemplateLoader.findTemplateSource("index3_zh_CN.ftl"): Not found
DEBUG http-nio-8088-exec-10 freemarker.cache - TemplateLoader.findTemplateSource("index3_zh.ftl"): Not found
DEBUG http-nio-8088-exec-10 freemarker.cache - TemplateLoader.findTemplateSource("index3.ftl"): Not found
DEBUG http-nio-8088-exec-10 freemarker.cache - "index3.ftl"("zh_CN", UTF-8, parsed) no source found.
DEBUG http-nio-8088-exec-7 freemarker.cache - TemplateLoader.findTemplateSource("index3_zh_CN.ftl"): Not found
DEBUG http-nio-8088-exec-7 freemarker.cache - TemplateLoader.findTemplateSource("index3_zh.ftl"): Not found
DEBUG http-nio-8088-exec-7 freemarker.cache - TemplateLoader.findTemplateSource("index3.ftl"): Not found
DEBUG http-nio-8088-exec-7 freemarker.cache - "index3.ftl"("zh_CN", UTF-8, parsed) no source found.
DEBUG http-nio-8088-exec-1 freemarker.cache - TemplateLoader.findTemplateSource("index3_zh_CN.ftl"): Not found
DEBUG http-nio-8088-exec-1 freemarker.cache - TemplateLoader.findTemplateSource("index3_zh.ftl"): Not found
DEBUG http-nio-8088-exec-1 freemarker.cache - TemplateLoader.findTemplateSource("index3.ftl"): Not found
DEBUG http-nio-8088-exec-1 freemarker.cache - "index3.ftl"("zh_CN", UTF-8, parsed) no source found.
DEBUG http-nio-8088-exec-1 freemarker.cache - Couldn't find template in cache for "index3.ftl"("zh_CN", UTF-8, parsed); will try to load it.
DEBUG http-nio-8088-exec-1 freemarker.cache - TemplateLoader.findTemplateSource("index3_zh_CN.ftl"): Not found
DEBUG http-nio-8088-exec-1 freemarker.cache - TemplateLoader.findTemplateSource("index3_zh.ftl"): Not found
DEBUG http-nio-8088-exec-1 freemarker.cache - TemplateLoader.findTemplateSource("index3.ftl"): Not found
DEBUG http-nio-8088-exec-3 freemarker.cache - TemplateLoader.findTemplateSource("index3_zh_CN.ftl"): Not found
DEBUG http-nio-8088-exec-3 freemarker.cache - TemplateLoader.findTemplateSource("index3_zh.ftl"): Not found
DEBUG http-nio-8088-exec-3 freemarker.cache - TemplateLoader.findTemplateSource("index3.ftl"): Not found
DEBUG http-nio-8088-exec-3 freemarker.cache - "index3.ftl"("zh_CN", UTF-8, parsed) no source found.
DEBUG http-nio-8088-exec-8 freemarker.cache - "index3.ftl"("zh_CN", UTF-8, parsed) cached copy not yet stale; using cached.
DEBUG http-nio-8088-exec-3 freemarker.cache - TemplateLoader.findTemplateSource("index3_zh_CN.ftl"): Not found
DEBUG http-nio-8088-exec-3 freemarker.cache - TemplateLoader.findTemplateSource("index3_zh.ftl"): Not found
DEBUG http-nio-8088-exec-3 freemarker.cache - TemplateLoader.findTemplateSource("index3.ftl"): Not found
DEBUG http-nio-8088-exec-3 freemarker.cache - "index3.ftl"("zh_CN", UTF-8, parsed) no source found.
DEBUG http-nio-8088-exec-10 freemarker.cache - TemplateLoader.findTemplateSource("index3_zh_CN.ftl"): Not found
DEBUG http-nio-8088-exec-10 freemarker.cache - TemplateLoader.findTemplateSource("index3_zh.ftl"): Not found
DEBUG http-nio-8088-exec-10 freemarker.cache - TemplateLoader.findTemplateSource("index3.ftl"): Not found
DEBUG http-nio-8088-exec-10 freemarker.cache - "index3.ftl"("zh_CN", UTF-8, parsed) no source found.
DEBUG http-nio-8088-exec-1 freemarker.cache - Couldn't find template in cache for "index3.ftl"("zh_CN", UTF-8, parsed); will try to load it.
DEBUG http-nio-8088-exec-1 freemarker.cache - TemplateLoader.findTemplateSource("index3_zh_CN.ftl"): Not found
DEBUG http-nio-8088-exec-1 freemarker.cache - TemplateLoader.findTemplateSource("index3_zh.ftl"): Not found
DEBUG http-nio-8088-exec-1 freemarker.cache - TemplateLoader.findTemplateSource("index3.ftl"): Not found
DEBUG http-nio-8088-exec-9 freemarker.cache - TemplateLoader.findTemplateSource("index3_zh_CN.ftl"): Not found
DEBUG http-nio-8088-exec-9 freemarker.cache - TemplateLoader.findTemplateSource("index3_zh.ftl"): Not found
DEBUG http-nio-8088-exec-9 freemarker.cache - TemplateLoader.findTemplateSource("index3.ftl"): Not found
DEBUG http-nio-8088-exec-9 freemarker.cache - "index3.ftl"("zh_CN", UTF-8, parsed) no source found.
DEBUG http-nio-8088-exec-1 freemarker.cache - TemplateLoader.findTemplateSource("index3_zh_CN.ftl"): Not found
DEBUG http-nio-8088-exec-1 freemarker.cache - TemplateLoader.findTemplateSource("index3_zh.ftl"): Not found
DEBUG http-nio-8088-exec-1 freemarker.cache - TemplateLoader.findTemplateSource("index3.ftl"): Not found
DEBUG http-nio-8088-exec-1 freemarker.cache - "index3.ftl"("zh_CN", UTF-8, parsed) no source found.
DEBUG http-nio-8088-exec-5 freemarker.cache - "index3.ftl"("zh_CN", UTF-8, parsed) cached copy not yet stale; using cached.
DEBUG http-nio-8088-exec-2 freemarker.cache - TemplateLoader.findTemplateSource("index3_zh_CN.ftl"): Not found
DEBUG http-nio-8088-exec-2 freemarker.cache - TemplateLoader.findTemplateSource("index3_zh.ftl"): Not found
DEBUG http-nio-8088-exec-2 freemarker.cache - TemplateLoader.findTemplateSource("index3.ftl"): Not found
DEBUG http-nio-8088-exec-2 freemarker.cache - "index3.ftl"("zh_CN", UTF-8, parsed) no source found.
DEBUG http-nio-8088-exec-1 freemarker.cache - Couldn't find template in cache for "index3.ftl"("zh_CN", UTF-8, parsed); will try to load it.
DEBUG http-nio-8088-exec-1 freemarker.cache - TemplateLoader.findTemplateSource("index3_zh_CN.ftl"): Not found
DEBUG http-nio-8088-exec-1 freemarker.cache - TemplateLoader.findTemplateSource("index3_zh.ftl"): Not found
DEBUG http-nio-8088-exec-1 freemarker.cache - TemplateLoader.findTemplateSource("index3.ftl"): Not found
DEBUG http-nio-8088-exec-6 freemarker.cache - TemplateLoader.findTemplateSource("index3_zh_CN.ftl"): Not found
DEBUG http-nio-8088-exec-6 freemarker.cache - TemplateLoader.findTemplateSource("index3_zh.ftl"): Not found
DEBUG http-nio-8088-exec-6 freemarker.cache - TemplateLoader.findTemplateSource("index3.ftl"): Not found
DEBUG http-nio-8088-exec-6 freemarker.cache - "index3.ftl"("zh_CN", UTF-8, parsed) no source found.
DEBUG http-nio-8088-exec-1 freemarker.cache - Couldn't find template in cache for "index3.ftl"("zh_CN", UTF-8, parsed); will try to load it.
DEBUG http-nio-8088-exec-1 freemarker.cache - TemplateLoader.findTemplateSource("index3_zh_CN.ftl"): Not found
DEBUG http-nio-8088-exec-1 freemarker.cache - TemplateLoader.findTemplateSource("index3_zh.ftl"): Not found
DEBUG http-nio-8088-exec-1 freemarker.cache - TemplateLoader.findTemplateSource("index3.ftl"): Not found
DEBUG http-nio-8088-exec-5 freemarker.cache - "index3.ftl"("zh_CN", UTF-8, parsed) cached copy not yet stale; using cached.
DEBUG http-nio-8088-exec-9 freemarker.cache - "index3.ftl"("zh_CN", UTF-8, parsed) cached copy not yet stale; using cached.
DEBUG http-nio-8088-exec-8 freemarker.cache - "index3.ftl"("zh_CN", UTF-8, parsed) cached copy not yet stale; using cached.
DEBUG http-nio-8088-exec-3 freemarker.cache - TemplateLoader.findTemplateSource("index3_zh_CN.ftl"): Not found
DEBUG http-nio-8088-exec-3 freemarker.cache - TemplateLoader.findTemplateSource("index3_zh.ftl"): Not found
DEBUG http-nio-8088-exec-3 freemarker.cache - TemplateLoader.findTemplateSource("index3.ftl"): Not found
DEBUG http-nio-8088-exec-3 freemarker.cache - "index3.ftl"("zh_CN", UTF-8, parsed) no source found.
DEBUG http-nio-8088-exec-1 freemarker.cache - "index3.ftl"("zh_CN", UTF-8, parsed) cached copy not yet stale; using cached.
DEBUG http-nio-8088-exec-4 freemarker.cache - "index3.ftl"("zh_CN", UTF-8, parsed) cached copy not yet stale; using cached.
DEBUG http-nio-8088-exec-9 freemarker.cache - "index3.ftl"("zh_CN", UTF-8, parsed) cached copy not yet stale; using cached.
DEBUG http-nio-8088-exec-8 freemarker.cache - "index3.ftl"("zh_CN", UTF-8, parsed) cached copy not yet stale; using cached.
DEBUG http-nio-8088-exec-10 freemarker.cache - "index3.ftl"("zh_CN", UTF-8, parsed) cached copy not yet stale; using cached.
DEBUG http-nio-8088-exec-3 freemarker.cache - "index3.ftl"("zh_CN", UTF-8, parsed) cached copy not yet stale; using cached.
DEBUG http-nio-8088-exec-1 freemarker.cache - TemplateLoader.findTemplateSource("index3_zh_CN.ftl"): Not found
DEBUG http-nio-8088-exec-1 freemarker.cache - TemplateLoader.findTemplateSource("index3_zh.ftl"): Not found
DEBUG http-nio-8088-exec-1 freemarker.cache - TemplateLoader.findTemplateSource("index3.ftl"): Not found
DEBUG http-nio-8088-exec-1 freemarker.cache - "index3.ftl"("zh_CN", UTF-8, parsed) no source found.
DEBUG http-nio-8088-exec-5 freemarker.cache - TemplateLoader.findTemplateSource("index3_zh_CN.ftl"): Not found
DEBUG http-nio-8088-exec-5 freemarker.cache - TemplateLoader.findTemplateSource("index3_zh.ftl"): Not found
DEBUG http-nio-8088-exec-5 freemarker.cache - TemplateLoader.findTemplateSource("index3.ftl"): Not found
DEBUG http-nio-8088-exec-5 freemarker.cache - "index3.ftl"("zh_CN", UTF-8, parsed) no source found.
DEBUG http-nio-8088-exec-1 freemarker.cache - Couldn't find template in cache for "index3.ftl"("zh_CN", UTF-8, parsed); will try to load it.
DEBUG http-nio-8088-exec-1 freemarker.cache - TemplateLoader.findTemplateSource("index3_zh_CN.ftl"): Not found
DEBUG http-nio-8088-exec-1 freemarker.cache - TemplateLoader.findTemplateSource("index3_zh.ftl"): Not found
DEBUG http-nio-8088-exec-1 freemarker.cache - TemplateLoader.findTemplateSource("index3.ftl"): Not found
DEBUG http-nio-8088-exec-9 freemarker.cache - TemplateLoader.findTemplateSource("index3_zh_CN.ftl"): Not found
DEBUG http-nio-8088-exec-9 freemarker.cache - TemplateLoader.findTemplateSource("index3_zh.ftl"): Not found
DEBUG http-nio-8088-exec-9 freemarker.cache - TemplateLoader.findTemplateSource("index3.ftl"): Not found
DEBUG http-nio-8088-exec-9 freemarker.cache - "index3.ftl"("zh_CN", UTF-8, parsed) no source found.
DEBUG http-nio-8088-exec-1 freemarker.cache - Couldn't find template in cache for "index3.ftl"("zh_CN", UTF-8, parsed); will try to load it.
DEBUG http-nio-8088-exec-1 freemarker.cache - TemplateLoader.findTemplateSource("index3_zh_CN.ftl"): Not found
DEBUG http-nio-8088-exec-1 freemarker.cache - TemplateLoader.findTemplateSource("index3_zh.ftl"): Not found
DEBUG http-nio-8088-exec-1 freemarker.cache - TemplateLoader.findTemplateSource("index3.ftl"): Not found
DEBUG http-nio-8088-exec-10 freemarker.cache - TemplateLoader.findTemplateSource("index3_zh_CN.ftl"): Not found
DEBUG http-nio-8088-exec-10 freemarker.cache - TemplateLoader.findTemplateSource("index3_zh.ftl"): Not found
DEBUG http-nio-8088-exec-10 freemarker.cache - TemplateLoader.findTemplateSource("index3.ftl"): Not found
DEBUG http-nio-8088-exec-10 freemarker.cache - "index3.ftl"("zh_CN", UTF-8, parsed) no source found.
DEBUG http-nio-8088-exec-1 freemarker.cache - Couldn't find template in cache for "index3.ftl"("zh_CN", UTF-8, parsed); will try to load it.
DEBUG http-nio-8088-exec-1 freemarker.cache - TemplateLoader.findTemplateSource("index3_zh_CN.ftl"): Not found
DEBUG http-nio-8088-exec-1 freemarker.cache - TemplateLoader.findTemplateSource("index3_zh.ftl"): Not found
DEBUG http-nio-8088-exec-1 freemarker.cache - TemplateLoader.findTemplateSource("index3.ftl"): Not found
DEBUG http-nio-8088-exec-4 freemarker.cache - "index3.ftl"("zh_CN", UTF-8, parsed) cached copy not yet stale; using cached.
DEBUG http-nio-8088-exec-1 freemarker.cache - Couldn't find template in cache for "index3.ftl"("zh_CN", UTF-8, parsed); will try to load it.
DEBUG http-nio-8088-exec-1 freemarker.cache - TemplateLoader.findTemplateSource("index3_zh_CN.ftl"): Not found
DEBUG http-nio-8088-exec-1 freemarker.cache - TemplateLoader.findTemplateSource("index3_zh.ftl"): Not found
DEBUG http-nio-8088-exec-1 freemarker.cache - TemplateLoader.findTemplateSource("index3.ftl"): Not found
DEBUG http-nio-8088-exec-1 freemarker.cache - Couldn't find template in cache for "index3.ftl"("zh_CN", UTF-8, parsed); will try to load it.
DEBUG http-nio-8088-exec-1 freemarker.cache - TemplateLoader.findTemplateSource("index3_zh_CN.ftl"): Not found
DEBUG http-nio-8088-exec-1 freemarker.cache - TemplateLoader.findTemplateSource("index3_zh.ftl"): Not found
DEBUG http-nio-8088-exec-1 freemarker.cache - TemplateLoader.findTemplateSource("index3.ftl"): Not found
DEBUG http-nio-8088-exec-6 freemarker.cache - TemplateLoader.findTemplateSource("index3_zh_CN.ftl"): Not found
DEBUG http-nio-8088-exec-6 freemarker.cache - TemplateLoader.findTemplateSource("index3_zh.ftl"): Not found
DEBUG http-nio-8088-exec-6 freemarker.cache - TemplateLoader.findTemplateSource("index3.ftl"): Not found
DEBUG http-nio-8088-exec-6 freemarker.cache - "index3.ftl"("zh_CN", UTF-8, parsed) no source found.
DEBUG http-nio-8088-exec-1 freemarker.cache - Couldn't find template in cache for "index3.ftl"("zh_CN", UTF-8, parsed); will try to load it.
DEBUG http-nio-8088-exec-1 freemarker.cache - TemplateLoader.findTemplateSource("index3_zh_CN.ftl"): Not found
DEBUG http-nio-8088-exec-1 freemarker.cache - TemplateLoader.findTemplateSource("index3_zh.ftl"): Not found
DEBUG http-nio-8088-exec-1 freemarker.cache - TemplateLoader.findTemplateSource("index3.ftl"): Not found
DEBUG http-nio-8088-exec-9 freemarker.cache - "index3.ftl"("zh_CN", UTF-8, parsed) cached copy not yet stale; using cached.
DEBUG http-nio-8088-exec-1 freemarker.cache - Couldn't find template in cache for "index3.ftl"("zh_CN", UTF-8, parsed); will try to load it.
DEBUG http-nio-8088-exec-1 freemarker.cache - TemplateLoader.findTemplateSource("index3_zh_CN.ftl"): Not found
DEBUG http-nio-8088-exec-1 freemarker.cache - TemplateLoader.findTemplateSource("index3_zh.ftl"): Not found
DEBUG http-nio-8088-exec-1 freemarker.cache - TemplateLoader.findTemplateSource("index3.ftl"): Not found
DEBUG http-nio-8088-exec-1 freemarker.cache - Couldn't find template in cache for "index3.ftl"("zh_CN", UTF-8, parsed); will try to load it.
DEBUG http-nio-8088-exec-1 freemarker.cache - TemplateLoader.findTemplateSource("index3_zh_CN.ftl"): Not found
DEBUG http-nio-8088-exec-1 freemarker.cache - TemplateLoader.findTemplateSource("index3_zh.ftl"): Not found
DEBUG http-nio-8088-exec-1 freemarker.cache - TemplateLoader.findTemplateSource("index3.ftl"): Not found
DEBUG http-nio-8088-exec-1 freemarker.cache - Couldn't find template in cache for "error.ftl"("zh_CN", UTF-8, parsed); will try to load it.
DEBUG http-nio-8088-exec-1 freemarker.cache - TemplateLoader.findTemplateSource("error_zh_CN.ftl"): Not found
DEBUG http-nio-8088-exec-1 freemarker.cache - TemplateLoader.findTemplateSource("error_zh.ftl"): Not found
DEBUG http-nio-8088-exec-1 freemarker.cache - TemplateLoader.findTemplateSource("error.ftl"): Not found
DEBUG http-nio-8088-exec-1 freemarker.cache - Couldn't find template in cache for "index3.ftl"("zh_CN", UTF-8, parsed); will try to load it.
DEBUG http-nio-8088-exec-1 freemarker.cache - TemplateLoader.findTemplateSource("index3_zh_CN.ftl"): Not found
DEBUG http-nio-8088-exec-1 freemarker.cache - TemplateLoader.findTemplateSource("index3_zh.ftl"): Not found
DEBUG http-nio-8088-exec-1 freemarker.cache - TemplateLoader.findTemplateSource("index3.ftl"): Not found
DEBUG http-nio-8088-exec-1 freemarker.cache - Couldn't find template in cache for "index3.ftl"("zh_CN", UTF-8, parsed); will try to load it.
DEBUG http-nio-8088-exec-1 freemarker.cache - TemplateLoader.findTemplateSource("index3_zh_CN.ftl"): Not found
DEBUG http-nio-8088-exec-1 freemarker.cache - TemplateLoader.findTemplateSource("index3_zh.ftl"): Not found
DEBUG http-nio-8088-exec-1 freemarker.cache - TemplateLoader.findTemplateSource("index3.ftl"): Not found
DEBUG http-nio-8088-exec-1 freemarker.cache - Couldn't find template in cache for "index3.ftl"("zh_CN", UTF-8, parsed); will try to load it.
DEBUG http-nio-8088-exec-1 freemarker.cache - TemplateLoader.findTemplateSource("index3_zh_CN.ftl"): Not found
DEBUG http-nio-8088-exec-1 freemarker.cache - TemplateLoader.findTemplateSource("index3_zh.ftl"): Not found
DEBUG http-nio-8088-exec-1 freemarker.cache - TemplateLoader.findTemplateSource("index3.ftl"): Not found
DEBUG http-nio-8088-exec-1 freemarker.cache - Couldn't find template in cache for "index3.ftl"("zh_CN", UTF-8, parsed); will try to load it.
DEBUG http-nio-8088-exec-1 freemarker.cache - TemplateLoader.findTemplateSource("index3_zh_CN.ftl"): Not found
DEBUG http-nio-8088-exec-1 freemarker.cache - TemplateLoader.findTemplateSource("index3_zh.ftl"): Not found
DEBUG http-nio-8088-exec-1 freemarker.cache - TemplateLoader.findTemplateSource("index3.ftl"): Not found
DEBUG http-nio-8088-exec-1 freemarker.cache - Couldn't find template in cache for "index3.ftl"("zh_CN", UTF-8, parsed); will try to load it.
DEBUG http-nio-8088-exec-1 freemarker.cache - TemplateLoader.findTemplateSource("index3_zh_CN.ftl"): Not found
DEBUG http-nio-8088-exec-1 freemarker.cache - TemplateLoader.findTemplateSource("index3_zh.ftl"): Not found
DEBUG http-nio-8088-exec-1 freemarker.cache - TemplateLoader.findTemplateSource("index3.ftl"): Not found
DEBUG http-nio-8088-exec-1 freemarker.cache - Couldn't find template in cache for "index3.ftl"("zh_CN", UTF-8, parsed); will try to load it.
DEBUG http-nio-8088-exec-1 freemarker.cache - TemplateLoader.findTemplateSource("index3_zh_CN.ftl"): Not found
DEBUG http-nio-8088-exec-1 freemarker.cache - TemplateLoader.findTemplateSource("index3_zh.ftl"): Not found
DEBUG http-nio-8088-exec-1 freemarker.cache - TemplateLoader.findTemplateSource("index3.ftl"): Not found
DEBUG http-nio-8088-exec-8 freemarker.cache - TemplateLoader.findTemplateSource("index3_zh_CN.ftl"): Not found
DEBUG http-nio-8088-exec-8 freemarker.cache - TemplateLoader.findTemplateSource("index3_zh.ftl"): Not found
DEBUG http-nio-8088-exec-8 freemarker.cache - TemplateLoader.findTemplateSource("index3.ftl"): Not found
DEBUG http-nio-8088-exec-8 freemarker.cache - "index3.ftl"("zh_CN", UTF-8, parsed) no source found.
DEBUG http-nio-8088-exec-3 freemarker.cache - TemplateLoader.findTemplateSource("index3_zh_CN.ftl"): Not found
DEBUG http-nio-8088-exec-3 freemarker.cache - TemplateLoader.findTemplateSource("index3_zh.ftl"): Not found
DEBUG http-nio-8088-exec-3 freemarker.cache - TemplateLoader.findTemplateSource("index3.ftl"): Not found
DEBUG http-nio-8088-exec-3 freemarker.cache - "index3.ftl"("zh_CN", UTF-8, parsed) no source found.
DEBUG http-nio-8088-exec-1 freemarker.cache - Couldn't find template in cache for "index3.ftl"("zh_CN", UTF-8, parsed); will try to load it.
DEBUG http-nio-8088-exec-1 freemarker.cache - TemplateLoader.findTemplateSource("index3_zh_CN.ftl"): Not found
DEBUG http-nio-8088-exec-1 freemarker.cache - TemplateLoader.findTemplateSource("index3_zh.ftl"): Not found
DEBUG http-nio-8088-exec-1 freemarker.cache - TemplateLoader.findTemplateSource("index3.ftl"): Not found
DEBUG http-nio-8088-exec-2 freemarker.cache - TemplateLoader.findTemplateSource("index3_zh_CN.ftl"): Not found
DEBUG http-nio-8088-exec-2 freemarker.cache - TemplateLoader.findTemplateSource("index3_zh.ftl"): Not found
DEBUG http-nio-8088-exec-2 freemarker.cache - TemplateLoader.findTemplateSource("index3.ftl"): Not found
DEBUG http-nio-8088-exec-2 freemarker.cache - "index3.ftl"("zh_CN", UTF-8, parsed) no source found.
DEBUG http-nio-8088-exec-8 freemarker.cache - TemplateLoader.findTemplateSource("index3_zh_CN.ftl"): Not found
DEBUG http-nio-8088-exec-8 freemarker.cache - TemplateLoader.findTemplateSource("index3_zh.ftl"): Not found
DEBUG http-nio-8088-exec-8 freemarker.cache - TemplateLoader.findTemplateSource("index3.ftl"): Not found
DEBUG http-nio-8088-exec-8 freemarker.cache - "index3.ftl"("zh_CN", UTF-8, parsed) no source found.
DEBUG http-nio-8088-exec-4 freemarker.cache - TemplateLoader.findTemplateSource("index3_zh_CN.ftl"): Not found
DEBUG http-nio-8088-exec-4 freemarker.cache - TemplateLoader.findTemplateSource("index3_zh.ftl"): Not found
DEBUG http-nio-8088-exec-4 freemarker.cache - TemplateLoader.findTemplateSource("index3.ftl"): Not found
DEBUG http-nio-8088-exec-4 freemarker.cache - "index3.ftl"("zh_CN", UTF-8, parsed) no source found.
DEBUG http-nio-8088-exec-3 freemarker.cache - "index3.ftl"("zh_CN", UTF-8, parsed) cached copy not yet stale; using cached.
DEBUG http-nio-8088-exec-1 freemarker.cache - Couldn't find template in cache for "index3.ftl"("zh_CN", UTF-8, parsed); will try to load it.
DEBUG http-nio-8088-exec-1 freemarker.cache - TemplateLoader.findTemplateSource("index3_zh_CN.ftl"): Not found
DEBUG http-nio-8088-exec-1 freemarker.cache - TemplateLoader.findTemplateSource("index3_zh.ftl"): Not found
DEBUG http-nio-8088-exec-1 freemarker.cache - TemplateLoader.findTemplateSource("index3.ftl"): Not found
DEBUG http-nio-8088-exec-5 freemarker.cache - TemplateLoader.findTemplateSource("index3_zh_CN.ftl"): Not found
DEBUG http-nio-8088-exec-5 freemarker.cache - TemplateLoader.findTemplateSource("index3_zh.ftl"): Not found
DEBUG http-nio-8088-exec-5 freemarker.cache - TemplateLoader.findTemplateSource("index3.ftl"): Not found
DEBUG http-nio-8088-exec-5 freemarker.cache - "index3.ftl"("zh_CN", UTF-8, parsed) no source found.
DEBUG http-nio-8088-exec-1 freemarker.cache - Couldn't find template in cache for "index3.ftl"("zh_CN", UTF-8, parsed); will try to load it.
DEBUG http-nio-8088-exec-1 freemarker.cache - TemplateLoader.findTemplateSource("index3_zh_CN.ftl"): Not found
DEBUG http-nio-8088-exec-1 freemarker.cache - TemplateLoader.findTemplateSource("index3_zh.ftl"): Not found
DEBUG http-nio-8088-exec-1 freemarker.cache - TemplateLoader.findTemplateSource("index3.ftl"): Not found
DEBUG http-nio-8088-exec-2 freemarker.cache - TemplateLoader.findTemplateSource("index3_zh_CN.ftl"): Not found
DEBUG http-nio-8088-exec-2 freemarker.cache - TemplateLoader.findTemplateSource("index3_zh.ftl"): Not found
DEBUG http-nio-8088-exec-2 freemarker.cache - TemplateLoader.findTemplateSource("index3.ftl"): Not found
DEBUG http-nio-8088-exec-2 freemarker.cache - "index3.ftl"("zh_CN", UTF-8, parsed) no source found.
DEBUG http-nio-8088-exec-1 freemarker.cache - Couldn't find template in cache for "index3.ftl"("zh_CN", UTF-8, parsed); will try to load it.
DEBUG http-nio-8088-exec-1 freemarker.cache - TemplateLoader.findTemplateSource("index3_zh_CN.ftl"): Not found
DEBUG http-nio-8088-exec-1 freemarker.cache - TemplateLoader.findTemplateSource("index3_zh.ftl"): Not found
DEBUG http-nio-8088-exec-1 freemarker.cache - TemplateLoader.findTemplateSource("index3.ftl"): Not found
DEBUG http-nio-8088-exec-5 freemarker.cache - TemplateLoader.findTemplateSource("index3_zh_CN.ftl"): Not found
DEBUG http-nio-8088-exec-5 freemarker.cache - TemplateLoader.findTemplateSource("index3_zh.ftl"): Not found
DEBUG http-nio-8088-exec-5 freemarker.cache - TemplateLoader.findTemplateSource("index3.ftl"): Not found
DEBUG http-nio-8088-exec-5 freemarker.cache - "index3.ftl"("zh_CN", UTF-8, parsed) no source found.
DEBUG http-nio-8088-exec-8 freemarker.cache - "index3.ftl"("zh_CN", UTF-8, parsed) cached copy not yet stale; using cached.
DEBUG http-nio-8088-exec-1 freemarker.cache - Couldn't find template in cache for "index3.ftl"("zh_CN", UTF-8, parsed); will try to load it.
DEBUG http-nio-8088-exec-1 freemarker.cache - TemplateLoader.findTemplateSource("index3_zh_CN.ftl"): Not found
DEBUG http-nio-8088-exec-1 freemarker.cache - TemplateLoader.findTemplateSource("index3_zh.ftl"): Not found
DEBUG http-nio-8088-exec-1 freemarker.cache - TemplateLoader.findTemplateSource("index3.ftl"): Not found
DEBUG http-nio-8088-exec-3 freemarker.cache - TemplateLoader.findTemplateSource("index3_zh_CN.ftl"): Not found
DEBUG http-nio-8088-exec-3 freemarker.cache - TemplateLoader.findTemplateSource("index3_zh.ftl"): Not found
DEBUG http-nio-8088-exec-3 freemarker.cache - TemplateLoader.findTemplateSource("index3.ftl"): Not found
DEBUG http-nio-8088-exec-3 freemarker.cache - "index3.ftl"("zh_CN", UTF-8, parsed) no source found.
DEBUG http-nio-8088-exec-9 freemarker.cache - TemplateLoader.findTemplateSource("index3_zh_CN.ftl"): Not found
DEBUG http-nio-8088-exec-9 freemarker.cache - TemplateLoader.findTemplateSource("index3_zh.ftl"): Not found
DEBUG http-nio-8088-exec-9 freemarker.cache - TemplateLoader.findTemplateSource("index3.ftl"): Not found
DEBUG http-nio-8088-exec-9 freemarker.cache - "index3.ftl"("zh_CN", UTF-8, parsed) no source found.
DEBUG http-nio-8088-exec-4 freemarker.cache - Couldn't find template in cache for "error.ftl"("zh_CN", UTF-8, parsed); will try to load it.
DEBUG http-nio-8088-exec-4 freemarker.cache - TemplateLoader.findTemplateSource("error_zh_CN.ftl"): Not found
DEBUG http-nio-8088-exec-4 freemarker.cache - TemplateLoader.findTemplateSource("error_zh.ftl"): Not found
DEBUG http-nio-8088-exec-4 freemarker.cache - TemplateLoader.findTemplateSource("error.ftl"): Not found
DEBUG http-nio-8088-exec-1 freemarker.cache - Couldn't find template in cache for "index3.ftl"("zh_CN", UTF-8, parsed); will try to load it.
DEBUG http-nio-8088-exec-1 freemarker.cache - TemplateLoader.findTemplateSource("index3_zh_CN.ftl"): Not found
DEBUG http-nio-8088-exec-1 freemarker.cache - TemplateLoader.findTemplateSource("index3_zh.ftl"): Not found
DEBUG http-nio-8088-exec-1 freemarker.cache - TemplateLoader.findTemplateSource("index3.ftl"): Not found
DEBUG http-nio-8088-exec-9 freemarker.cache - Couldn't find template in cache for "error.ftl"("zh_CN", UTF-8, parsed); will try to load it.
DEBUG http-nio-8088-exec-9 freemarker.cache - TemplateLoader.findTemplateSource("error_zh_CN.ftl"): Not found
DEBUG http-nio-8088-exec-9 freemarker.cache - TemplateLoader.findTemplateSource("error_zh.ftl"): Not found
DEBUG http-nio-8088-exec-9 freemarker.cache - TemplateLoader.findTemplateSource("error.ftl"): Not found
DEBUG http-nio-8088-exec-1 freemarker.cache - TemplateLoader.findTemplateSource("error_zh_CN.ftl"): Not found
DEBUG http-nio-8088-exec-1 freemarker.cache - TemplateLoader.findTemplateSource("error_zh.ftl"): Not found
DEBUG http-nio-8088-exec-1 freemarker.cache - TemplateLoader.findTemplateSource("error.ftl"): Not found
DEBUG http-nio-8088-exec-1 freemarker.cache - "error.ftl"("zh_CN", UTF-8, parsed) no source found.
DEBUG http-nio-8088-exec-2 freemarker.cache - TemplateLoader.findTemplateSource("index3_zh_CN.ftl"): Not found
DEBUG http-nio-8088-exec-2 freemarker.cache - TemplateLoader.findTemplateSource("index3_zh.ftl"): Not found
DEBUG http-nio-8088-exec-2 freemarker.cache - TemplateLoader.findTemplateSource("index3.ftl"): Not found
DEBUG http-nio-8088-exec-2 freemarker.cache - "index3.ftl"("zh_CN", UTF-8, parsed) no source found.
DEBUG http-nio-8088-exec-4 freemarker.cache - TemplateLoader.findTemplateSource("index3_zh_CN.ftl"): Not found
DEBUG http-nio-8088-exec-4 freemarker.cache - TemplateLoader.findTemplateSource("index3_zh.ftl"): Not found
DEBUG http-nio-8088-exec-4 freemarker.cache - TemplateLoader.findTemplateSource("index3.ftl"): Not found
DEBUG http-nio-8088-exec-4 freemarker.cache - "index3.ftl"("zh_CN", UTF-8, parsed) no source found.
DEBUG http-nio-8088-exec-6 freemarker.cache - Couldn't find template in cache for "index3.ftl"("zh_CN", UTF-8, parsed); will try to load it.
DEBUG http-nio-8088-exec-6 freemarker.cache - TemplateLoader.findTemplateSource("index3_zh_CN.ftl"): Not found
DEBUG http-nio-8088-exec-6 freemarker.cache - TemplateLoader.findTemplateSource("index3_zh.ftl"): Not found
DEBUG http-nio-8088-exec-6 freemarker.cache - TemplateLoader.findTemplateSource("index3.ftl"): Not found
DEBUG http-nio-8088-exec-9 freemarker.cache - TemplateLoader.findTemplateSource("index3_zh_CN.ftl"): Not found
DEBUG http-nio-8088-exec-9 freemarker.cache - TemplateLoader.findTemplateSource("index3_zh.ftl"): Not found
DEBUG http-nio-8088-exec-9 freemarker.cache - TemplateLoader.findTemplateSource("index3.ftl"): Not found
DEBUG http-nio-8088-exec-9 freemarker.cache - "index3.ftl"("zh_CN", UTF-8, parsed) no source found.
DEBUG http-nio-8088-exec-1 freemarker.cache - Couldn't find template in cache for "index3.ftl"("zh_CN", UTF-8, parsed); will try to load it.
DEBUG http-nio-8088-exec-1 freemarker.cache - TemplateLoader.findTemplateSource("index3_zh_CN.ftl"): Not found
DEBUG http-nio-8088-exec-1 freemarker.cache - TemplateLoader.findTemplateSource("index3_zh.ftl"): Not found
DEBUG http-nio-8088-exec-1 freemarker.cache - TemplateLoader.findTemplateSource("index3.ftl"): Not found
DEBUG http-nio-8088-exec-1 freemarker.cache - Couldn't find template in cache for "index3.ftl"("zh_CN", UTF-8, parsed); will try to load it.
DEBUG http-nio-8088-exec-1 freemarker.cache - TemplateLoader.findTemplateSource("index3_zh_CN.ftl"): Not found
DEBUG http-nio-8088-exec-1 freemarker.cache - TemplateLoader.findTemplateSource("index3_zh.ftl"): Not found
DEBUG http-nio-8088-exec-1 freemarker.cache - TemplateLoader.findTemplateSource("index3.ftl"): Not found
DEBUG http-nio-8088-exec-2 freemarker.cache - TemplateLoader.findTemplateSource("index3_zh_CN.ftl"): Not found
DEBUG http-nio-8088-exec-2 freemarker.cache - TemplateLoader.findTemplateSource("index3_zh.ftl"): Not found
DEBUG http-nio-8088-exec-2 freemarker.cache - TemplateLoader.findTemplateSource("index3.ftl"): Not found
DEBUG http-nio-8088-exec-2 freemarker.cache - "index3.ftl"("zh_CN", UTF-8, parsed) no source found.
DEBUG http-nio-8088-exec-1 freemarker.cache - Couldn't find template in cache for "index3.ftl"("zh_CN", UTF-8, parsed); will try to load it.
DEBUG http-nio-8088-exec-1 freemarker.cache - TemplateLoader.findTemplateSource("index3_zh_CN.ftl"): Not found
DEBUG http-nio-8088-exec-1 freemarker.cache - TemplateLoader.findTemplateSource("index3_zh.ftl"): Not found
DEBUG http-nio-8088-exec-1 freemarker.cache - TemplateLoader.findTemplateSource("index3.ftl"): Not found
DEBUG http-nio-8088-exec-1 freemarker.cache - Couldn't find template in cache for "index3.ftl"("zh_CN", UTF-8, parsed); will try to load it.
DEBUG http-nio-8088-exec-1 freemarker.cache - TemplateLoader.findTemplateSource("index3_zh_CN.ftl"): Not found
DEBUG http-nio-8088-exec-1 freemarker.cache - TemplateLoader.findTemplateSource("index3_zh.ftl"): Not found
DEBUG http-nio-8088-exec-1 freemarker.cache - TemplateLoader.findTemplateSource("index3.ftl"): Not found
DEBUG http-nio-8088-exec-4 freemarker.cache - TemplateLoader.findTemplateSource("index3_zh_CN.ftl"): Not found
DEBUG http-nio-8088-exec-4 freemarker.cache - TemplateLoader.findTemplateSource("index3_zh.ftl"): Not found
DEBUG http-nio-8088-exec-4 freemarker.cache - TemplateLoader.findTemplateSource("index3.ftl"): Not found
DEBUG http-nio-8088-exec-4 freemarker.cache - "index3.ftl"("zh_CN", UTF-8, parsed) no source found.
DEBUG http-nio-8088-exec-1 freemarker.cache - Couldn't find template in cache for "index3.ftl"("zh_CN", UTF-8, parsed); will try to load it.
DEBUG http-nio-8088-exec-1 freemarker.cache - TemplateLoader.findTemplateSource("index3_zh_CN.ftl"): Not found
DEBUG http-nio-8088-exec-1 freemarker.cache - TemplateLoader.findTemplateSource("index3_zh.ftl"): Not found
DEBUG http-nio-8088-exec-1 freemarker.cache - TemplateLoader.findTemplateSource("index3.ftl"): Not found
DEBUG http-nio-8088-exec-4 freemarker.cache - Couldn't find template in cache for "index3.ftl"("zh_CN", UTF-8, parsed); will try to load it.
DEBUG http-nio-8088-exec-4 freemarker.cache - TemplateLoader.findTemplateSource("index3_zh_CN.ftl"): Not found
DEBUG http-nio-8088-exec-4 freemarker.cache - TemplateLoader.findTemplateSource("index3_zh.ftl"): Not found
DEBUG http-nio-8088-exec-4 freemarker.cache - TemplateLoader.findTemplateSource("index3.ftl"): Not found
DEBUG http-nio-8088-exec-5 freemarker.cache - TemplateLoader.findTemplateSource("index3_zh_CN.ftl"): Not found
DEBUG http-nio-8088-exec-5 freemarker.cache - TemplateLoader.findTemplateSource("index3_zh.ftl"): Not found
DEBUG http-nio-8088-exec-5 freemarker.cache - TemplateLoader.findTemplateSource("index3.ftl"): Not found
DEBUG http-nio-8088-exec-5 freemarker.cache - "index3.ftl"("zh_CN", UTF-8, parsed) no source found.
DEBUG http-nio-8088-exec-1 freemarker.cache - Couldn't find template in cache for "index3.ftl"("zh_CN", UTF-8, parsed); will try to load it.
DEBUG http-nio-8088-exec-1 freemarker.cache - TemplateLoader.findTemplateSource("index3_zh_CN.ftl"): Not found
DEBUG http-nio-8088-exec-1 freemarker.cache - TemplateLoader.findTemplateSource("index3_zh.ftl"): Not found
DEBUG http-nio-8088-exec-1 freemarker.cache - TemplateLoader.findTemplateSource("index3.ftl"): Not found
DEBUG http-nio-8088-exec-1 freemarker.cache - Couldn't find template in cache for "index3.ftl"("zh_CN", UTF-8, parsed); will try to load it.
DEBUG http-nio-8088-exec-1 freemarker.cache - TemplateLoader.findTemplateSource("index3_zh_CN.ftl"): Not found
DEBUG http-nio-8088-exec-1 freemarker.cache - TemplateLoader.findTemplateSource("index3_zh.ftl"): Not found
DEBUG http-nio-8088-exec-1 freemarker.cache - TemplateLoader.findTemplateSource("index3.ftl"): Not found
DEBUG http-nio-8088-exec-1 freemarker.cache - Couldn't find template in cache for "index3.ftl"("zh_CN", UTF-8, parsed); will try to load it.
DEBUG http-nio-8088-exec-1 freemarker.cache - TemplateLoader.findTemplateSource("index3_zh_CN.ftl"): Not found
DEBUG http-nio-8088-exec-1 freemarker.cache - TemplateLoader.findTemplateSource("index3_zh.ftl"): Not found
DEBUG http-nio-8088-exec-1 freemarker.cache - TemplateLoader.findTemplateSource("index3.ftl"): Not found
DEBUG http-nio-8088-exec-2 freemarker.cache - Couldn't find template in cache for "index3.ftl"("zh_CN", UTF-8, parsed); will try to load it.
DEBUG http-nio-8088-exec-2 freemarker.cache - TemplateLoader.findTemplateSource("index3_zh_CN.ftl"): Not found
DEBUG http-nio-8088-exec-2 freemarker.cache - TemplateLoader.findTemplateSource("index3_zh.ftl"): Not found
DEBUG http-nio-8088-exec-2 freemarker.cache - TemplateLoader.findTemplateSource("index3.ftl"): Not found
DEBUG http-nio-8088-exec-1 freemarker.cache - TemplateLoader.findTemplateSource("index3_zh_CN.ftl"): Not found
DEBUG http-nio-8088-exec-1 freemarker.cache - TemplateLoader.findTemplateSource("index3_zh.ftl"): Not found
DEBUG http-nio-8088-exec-1 freemarker.cache - TemplateLoader.findTemplateSource("index3.ftl"): Not found
DEBUG http-nio-8088-exec-1 freemarker.cache - "index3.ftl"("zh_CN", UTF-8, parsed) no source found.
DEBUG http-nio-8088-exec-3 freemarker.cache - "index3.ftl"("zh_CN", UTF-8, parsed) cached copy not yet stale; using cached.
DEBUG http-nio-8088-exec-5 freemarker.cache - "index3.ftl"("zh_CN", UTF-8, parsed) cached copy not yet stale; using cached.
DEBUG http-nio-8088-exec-8 freemarker.cache - "index3.ftl"("zh_CN", UTF-8, parsed) cached copy not yet stale; using cached.
DEBUG http-nio-8088-exec-1 freemarker.cache - Couldn't find template in cache for "index3.ftl"("zh_CN", UTF-8, parsed); will try to load it.
DEBUG http-nio-8088-exec-1 freemarker.cache - TemplateLoader.findTemplateSource("index3_zh_CN.ftl"): Not found
DEBUG http-nio-8088-exec-1 freemarker.cache - TemplateLoader.findTemplateSource("index3_zh.ftl"): Not found
DEBUG http-nio-8088-exec-1 freemarker.cache - TemplateLoader.findTemplateSource("index3.ftl"): Not found
DEBUG http-nio-8088-exec-4 freemarker.cache - TemplateLoader.findTemplateSource("index3_zh_CN.ftl"): Not found
DEBUG http-nio-8088-exec-4 freemarker.cache - TemplateLoader.findTemplateSource("index3_zh.ftl"): Not found
DEBUG http-nio-8088-exec-4 freemarker.cache - TemplateLoader.findTemplateSource("index3.ftl"): Not found
DEBUG http-nio-8088-exec-4 freemarker.cache - "index3.ftl"("zh_CN", UTF-8, parsed) no source found.
DEBUG http-nio-8088-exec-1 freemarker.cache - Couldn't find template in cache for "index3.ftl"("zh_CN", UTF-8, parsed); will try to load it.
DEBUG http-nio-8088-exec-1 freemarker.cache - TemplateLoader.findTemplateSource("index3_zh_CN.ftl"): Not found
DEBUG http-nio-8088-exec-1 freemarker.cache - TemplateLoader.findTemplateSource("index3_zh.ftl"): Not found
DEBUG http-nio-8088-exec-1 freemarker.cache - TemplateLoader.findTemplateSource("index3.ftl"): Not found
DEBUG http-nio-8088-exec-1 freemarker.cache - Couldn't find template in cache for "error.ftl"("zh_CN", UTF-8, parsed); will try to load it.
DEBUG http-nio-8088-exec-1 freemarker.cache - TemplateLoader.findTemplateSource("error_zh_CN.ftl"): Not found
DEBUG http-nio-8088-exec-1 freemarker.cache - TemplateLoader.findTemplateSource("error_zh.ftl"): Not found
DEBUG http-nio-8088-exec-1 freemarker.cache - TemplateLoader.findTemplateSource("error.ftl"): Not found
DEBUG http-nio-8088-exec-2 freemarker.cache - "error.ftl"("zh_CN", UTF-8, parsed) cached copy not yet stale; using cached.
DEBUG http-nio-8088-exec-3 freemarker.cache - TemplateLoader.findTemplateSource("error_zh_CN.ftl"): Not found
DEBUG http-nio-8088-exec-3 freemarker.cache - TemplateLoader.findTemplateSource("error_zh.ftl"): Not found
DEBUG http-nio-8088-exec-3 freemarker.cache - TemplateLoader.findTemplateSource("error.ftl"): Not found
DEBUG http-nio-8088-exec-3 freemarker.cache - "error.ftl"("zh_CN", UTF-8, parsed) no source found.
DEBUG http-nio-8088-exec-5 freemarker.cache - "error.ftl"("zh_CN", UTF-8, parsed) cached copy not yet stale; using cached.
DEBUG http-nio-8088-exec-6 freemarker.cache - TemplateLoader.findTemplateSource("error_zh_CN.ftl"): Not found
DEBUG http-nio-8088-exec-6 freemarker.cache - TemplateLoader.findTemplateSource("error_zh.ftl"): Not found
DEBUG http-nio-8088-exec-6 freemarker.cache - TemplateLoader.findTemplateSource("error.ftl"): Not found
DEBUG http-nio-8088-exec-6 freemarker.cache - "error.ftl"("zh_CN", UTF-8, parsed) no source found.
DEBUG http-nio-8088-exec-7 freemarker.cache - "error.ftl"("zh_CN", UTF-8, parsed) cached copy not yet stale; using cached.
DEBUG http-nio-8088-exec-10 freemarker.cache - TemplateLoader.findTemplateSource("error_zh_CN.ftl"): Not found
DEBUG http-nio-8088-exec-10 freemarker.cache - TemplateLoader.findTemplateSource("error_zh.ftl"): Not found
DEBUG http-nio-8088-exec-10 freemarker.cache - TemplateLoader.findTemplateSource("error.ftl"): Not found
DEBUG http-nio-8088-exec-10 freemarker.cache - "error.ftl"("zh_CN", UTF-8, parsed) no source found.
DEBUG http-nio-8088-exec-1 freemarker.cache - TemplateLoader.findTemplateSource("error_zh_CN.ftl"): Not found
DEBUG http-nio-8088-exec-1 freemarker.cache - TemplateLoader.findTemplateSource("error_zh.ftl"): Not found
DEBUG http-nio-8088-exec-1 freemarker.cache - TemplateLoader.findTemplateSource("error.ftl"): Not found
DEBUG http-nio-8088-exec-1 freemarker.cache - "error.ftl"("zh_CN", UTF-8, parsed) no source found.
DEBUG http-nio-8088-exec-1 freemarker.cache - Couldn't find template in cache for "error.ftl"("zh_CN", UTF-8, parsed); will try to load it.
DEBUG http-nio-8088-exec-1 freemarker.cache - TemplateLoader.findTemplateSource("error_zh_CN.ftl"): Not found
DEBUG http-nio-8088-exec-1 freemarker.cache - TemplateLoader.findTemplateSource("error_zh.ftl"): Not found
DEBUG http-nio-8088-exec-1 freemarker.cache - TemplateLoader.findTemplateSource("error.ftl"): Not found
DEBUG http-nio-8088-exec-1 freemarker.cache - Couldn't find template in cache for "error.ftl"("zh_CN", UTF-8, parsed); will try to load it.
DEBUG http-nio-8088-exec-1 freemarker.cache - TemplateLoader.findTemplateSource("error_zh_CN.ftl"): Not found
DEBUG http-nio-8088-exec-1 freemarker.cache - TemplateLoader.findTemplateSource("error_zh.ftl"): Not found
DEBUG http-nio-8088-exec-1 freemarker.cache - TemplateLoader.findTemplateSource("error.ftl"): Not found
DEBUG http-nio-8088-exec-6 freemarker.cache - TemplateLoader.findTemplateSource("error_zh_CN.ftl"): Not found
DEBUG http-nio-8088-exec-6 freemarker.cache - TemplateLoader.findTemplateSource("error_zh.ftl"): Not found
DEBUG http-nio-8088-exec-6 freemarker.cache - TemplateLoader.findTemplateSource("error.ftl"): Not found
DEBUG http-nio-8088-exec-6 freemarker.cache - "error.ftl"("zh_CN", UTF-8, parsed) no source found.
DEBUG http-nio-8088-exec-1 freemarker.cache - Couldn't find template in cache for "error.ftl"("zh_CN", UTF-8, parsed); will try to load it.
DEBUG http-nio-8088-exec-1 freemarker.cache - TemplateLoader.findTemplateSource("error_zh_CN.ftl"): Not found
DEBUG http-nio-8088-exec-1 freemarker.cache - TemplateLoader.findTemplateSource("error_zh.ftl"): Not found
DEBUG http-nio-8088-exec-1 freemarker.cache - TemplateLoader.findTemplateSource("error.ftl"): Not found
DEBUG http-nio-8088-exec-4 freemarker.cache - "error.ftl"("zh_CN", UTF-8, parsed) cached copy not yet stale; using cached.
DEBUG http-nio-8088-exec-2 freemarker.cache - TemplateLoader.findTemplateSource("error_zh_CN.ftl"): Not found
DEBUG http-nio-8088-exec-2 freemarker.cache - TemplateLoader.findTemplateSource("error_zh.ftl"): Not found
DEBUG http-nio-8088-exec-2 freemarker.cache - TemplateLoader.findTemplateSource("error.ftl"): Not found
DEBUG http-nio-8088-exec-2 freemarker.cache - "error.ftl"("zh_CN", UTF-8, parsed) no source found.
DEBUG http-nio-8088-exec-1 freemarker.cache - Couldn't find template in cache for "error.ftl"("zh_CN", UTF-8, parsed); will try to load it.
DEBUG http-nio-8088-exec-1 freemarker.cache - TemplateLoader.findTemplateSource("error_zh_CN.ftl"): Not found
DEBUG http-nio-8088-exec-1 freemarker.cache - TemplateLoader.findTemplateSource("error_zh.ftl"): Not found
DEBUG http-nio-8088-exec-1 freemarker.cache - TemplateLoader.findTemplateSource("error.ftl"): Not found
DEBUG http-nio-8088-exec-4 freemarker.cache - TemplateLoader.findTemplateSource("error_zh_CN.ftl"): Not found
DEBUG http-nio-8088-exec-4 freemarker.cache - TemplateLoader.findTemplateSource("error_zh.ftl"): Not found
DEBUG http-nio-8088-exec-4 freemarker.cache - TemplateLoader.findTemplateSource("error.ftl"): Not found
DEBUG http-nio-8088-exec-4 freemarker.cache - "error.ftl"("zh_CN", UTF-8, parsed) no source found.
DEBUG http-nio-8088-exec-5 freemarker.cache - TemplateLoader.findTemplateSource("error_zh_CN.ftl"): Not found
DEBUG http-nio-8088-exec-5 freemarker.cache - TemplateLoader.findTemplateSource("error_zh.ftl"): Not found
DEBUG http-nio-8088-exec-5 freemarker.cache - TemplateLoader.findTemplateSource("error.ftl"): Not found
DEBUG http-nio-8088-exec-5 freemarker.cache - "error.ftl"("zh_CN", UTF-8, parsed) no source found.
DEBUG http-nio-8088-exec-6 freemarker.cache - TemplateLoader.findTemplateSource("error_zh_CN.ftl"): Not found
DEBUG http-nio-8088-exec-6 freemarker.cache - TemplateLoader.findTemplateSource("error_zh.ftl"): Not found
DEBUG http-nio-8088-exec-6 freemarker.cache - TemplateLoader.findTemplateSource("error.ftl"): Not found
DEBUG http-nio-8088-exec-6 freemarker.cache - "error.ftl"("zh_CN", UTF-8, parsed) no source found.
DEBUG http-nio-8088-exec-8 freemarker.cache - "error.ftl"("zh_CN", UTF-8, parsed) cached copy not yet stale; using cached.
DEBUG http-nio-8088-exec-10 freemarker.cache - "error.ftl"("zh_CN", UTF-8, parsed) cached copy not yet stale; using cached.
DEBUG http-nio-8088-exec-1 freemarker.cache - Couldn't find template in cache for "error.ftl"("zh_CN", UTF-8, parsed); will try to load it.
DEBUG http-nio-8088-exec-1 freemarker.cache - TemplateLoader.findTemplateSource("error_zh_CN.ftl"): Not found
DEBUG http-nio-8088-exec-1 freemarker.cache - TemplateLoader.findTemplateSource("error_zh.ftl"): Not found
DEBUG http-nio-8088-exec-1 freemarker.cache - TemplateLoader.findTemplateSource("error.ftl"): Not found
DEBUG http-nio-8088-exec-4 freemarker.cache - "error.ftl"("zh_CN", UTF-8, parsed) cached copy not yet stale; using cached.
DEBUG http-nio-8088-exec-2 freemarker.cache - Couldn't find template in cache for "error.ftl"("zh_CN", UTF-8, parsed); will try to load it.
DEBUG http-nio-8088-exec-2 freemarker.cache - TemplateLoader.findTemplateSource("error_zh_CN.ftl"): Not found
DEBUG http-nio-8088-exec-2 freemarker.cache - TemplateLoader.findTemplateSource("error_zh.ftl"): Not found
DEBUG http-nio-8088-exec-2 freemarker.cache - TemplateLoader.findTemplateSource("error.ftl"): Not found
DEBUG http-nio-8088-exec-3 freemarker.cache - "error.ftl"("zh_CN", UTF-8, parsed) cached copy not yet stale; using cached.
DEBUG http-nio-8088-exec-6 freemarker.cache - "error.ftl"("zh_CN", UTF-8, parsed) cached copy not yet stale; using cached.
DEBUG http-nio-8088-exec-7 freemarker.cache - "error.ftl"("zh_CN", UTF-8, parsed) cached copy not yet stale; using cached.
DEBUG http-nio-8088-exec-9 freemarker.cache - "error.ftl"("zh_CN", UTF-8, parsed) cached copy not yet stale; using cached.
DEBUG http-nio-8088-exec-1 freemarker.cache - TemplateLoader.findTemplateSource("error_zh_CN.ftl"): Not found
DEBUG http-nio-8088-exec-1 freemarker.cache - TemplateLoader.findTemplateSource("error_zh.ftl"): Not found
DEBUG http-nio-8088-exec-1 freemarker.cache - TemplateLoader.findTemplateSource("error.ftl"): Not found
DEBUG http-nio-8088-exec-1 freemarker.cache - "error.ftl"("zh_CN", UTF-8, parsed) no source found.
DEBUG http-nio-8088-exec-6 freemarker.cache - TemplateLoader.findTemplateSource("error_zh_CN.ftl"): Not found
DEBUG http-nio-8088-exec-6 freemarker.cache - TemplateLoader.findTemplateSource("error_zh.ftl"): Not found
DEBUG http-nio-8088-exec-6 freemarker.cache - TemplateLoader.findTemplateSource("error.ftl"): Not found
DEBUG http-nio-8088-exec-6 freemarker.cache - "error.ftl"("zh_CN", UTF-8, parsed) no source found.
DEBUG http-nio-8088-exec-1 freemarker.cache - Couldn't find template in cache for "error.ftl"("zh_CN", UTF-8, parsed); will try to load it.
DEBUG http-nio-8088-exec-1 freemarker.cache - TemplateLoader.findTemplateSource("error_zh_CN.ftl"): Not found
DEBUG http-nio-8088-exec-1 freemarker.cache - TemplateLoader.findTemplateSource("error_zh.ftl"): Not found
DEBUG http-nio-8088-exec-1 freemarker.cache - TemplateLoader.findTemplateSource("error.ftl"): Not found
DEBUG http-nio-8088-exec-2 freemarker.cache - TemplateLoader.findTemplateSource("error_zh_CN.ftl"): Not found
DEBUG http-nio-8088-exec-2 freemarker.cache - TemplateLoader.findTemplateSource("error_zh.ftl"): Not found
DEBUG http-nio-8088-exec-2 freemarker.cache - TemplateLoader.findTemplateSource("error.ftl"): Not found
DEBUG http-nio-8088-exec-2 freemarker.cache - "error.ftl"("zh_CN", UTF-8, parsed) no source found.
DEBUG http-nio-8088-exec-1 freemarker.cache - Couldn't find template in cache for "error.ftl"("zh_CN", UTF-8, parsed); will try to load it.
DEBUG http-nio-8088-exec-1 freemarker.cache - TemplateLoader.findTemplateSource("error_zh_CN.ftl"): Not found
DEBUG http-nio-8088-exec-1 freemarker.cache - TemplateLoader.findTemplateSource("error_zh.ftl"): Not found
DEBUG http-nio-8088-exec-1 freemarker.cache - TemplateLoader.findTemplateSource("error.ftl"): Not found
DEBUG http-nio-8088-exec-5 freemarker.cache - "error.ftl"("zh_CN", UTF-8, parsed) cached copy not yet stale; using cached.
DEBUG http-nio-8088-exec-9 freemarker.cache - "error.ftl"("zh_CN", UTF-8, parsed) cached copy not yet stale; using cached.
DEBUG http-nio-8088-exec-1 freemarker.cache - Couldn't find template in cache for "error.ftl"("zh_CN", UTF-8, parsed); will try to load it.
DEBUG http-nio-8088-exec-1 freemarker.cache - TemplateLoader.findTemplateSource("error_zh_CN.ftl"): Not found
DEBUG http-nio-8088-exec-1 freemarker.cache - TemplateLoader.findTemplateSource("error_zh.ftl"): Not found
DEBUG http-nio-8088-exec-1 freemarker.cache - TemplateLoader.findTemplateSource("error.ftl"): Not found
DEBUG http-nio-8088-exec-3 freemarker.cache - "error.ftl"("zh_CN", UTF-8, parsed) cached copy not yet stale; using cached.
DEBUG http-nio-8088-exec-1 freemarker.cache - Couldn't find template in cache for "error.ftl"("zh_CN", UTF-8, parsed); will try to load it.
DEBUG http-nio-8088-exec-1 freemarker.cache - TemplateLoader.findTemplateSource("error_zh_CN.ftl"): Not found
DEBUG http-nio-8088-exec-1 freemarker.cache - TemplateLoader.findTemplateSource("error_zh.ftl"): Not found
DEBUG http-nio-8088-exec-1 freemarker.cache - TemplateLoader.findTemplateSource("error.ftl"): Not found
DEBUG http-nio-8088-exec-1 freemarker.cache - Couldn't find template in cache for "error.ftl"("zh_CN", UTF-8, parsed); will try to load it.
DEBUG http-nio-8088-exec-1 freemarker.cache - TemplateLoader.findTemplateSource("error_zh_CN.ftl"): Not found
DEBUG http-nio-8088-exec-1 freemarker.cache - TemplateLoader.findTemplateSource("error_zh.ftl"): Not found
DEBUG http-nio-8088-exec-1 freemarker.cache - TemplateLoader.findTemplateSource("error.ftl"): Not found
DEBUG http-nio-8088-exec-3 freemarker.cache - TemplateLoader.findTemplateSource("error_zh_CN.ftl"): Not found
DEBUG http-nio-8088-exec-3 freemarker.cache - TemplateLoader.findTemplateSource("error_zh.ftl"): Not found
DEBUG http-nio-8088-exec-3 freemarker.cache - TemplateLoader.findTemplateSource("error.ftl"): Not found
DEBUG http-nio-8088-exec-3 freemarker.cache - "error.ftl"("zh_CN", UTF-8, parsed) no source found.
DEBUG http-nio-8088-exec-1 freemarker.cache - Couldn't find template in cache for "error.ftl"("zh_CN", UTF-8, parsed); will try to load it.
DEBUG http-nio-8088-exec-1 freemarker.cache - TemplateLoader.findTemplateSource("error_zh_CN.ftl"): Not found
DEBUG http-nio-8088-exec-1 freemarker.cache - TemplateLoader.findTemplateSource("error_zh.ftl"): Not found
DEBUG http-nio-8088-exec-1 freemarker.cache - TemplateLoader.findTemplateSource("error.ftl"): Not found
DEBUG http-nio-8088-exec-3 freemarker.cache - TemplateLoader.findTemplateSource("error_zh_CN.ftl"): Not found
DEBUG http-nio-8088-exec-3 freemarker.cache - TemplateLoader.findTemplateSource("error_zh.ftl"): Not found
DEBUG http-nio-8088-exec-3 freemarker.cache - TemplateLoader.findTemplateSource("error.ftl"): Not found
DEBUG http-nio-8088-exec-3 freemarker.cache - "error.ftl"("zh_CN", UTF-8, parsed) no source found.
DEBUG http-nio-8088-exec-8 freemarker.cache - "error.ftl"("zh_CN", UTF-8, parsed) cached copy not yet stale; using cached.
DEBUG http-nio-8088-exec-1 freemarker.cache - Couldn't find template in cache for "error.ftl"("zh_CN", UTF-8, parsed); will try to load it.
DEBUG http-nio-8088-exec-1 freemarker.cache - TemplateLoader.findTemplateSource("error_zh_CN.ftl"): Not found
DEBUG http-nio-8088-exec-1 freemarker.cache - TemplateLoader.findTemplateSource("error_zh.ftl"): Not found
DEBUG http-nio-8088-exec-1 freemarker.cache - TemplateLoader.findTemplateSource("error.ftl"): Not found
DEBUG http-nio-8088-exec-3 freemarker.cache - "error.ftl"("zh_CN", UTF-8, parsed) cached copy not yet stale; using cached.
DEBUG http-nio-8088-exec-1 freemarker.cache - Couldn't find template in cache for "error.ftl"("zh_CN", UTF-8, parsed); will try to load it.
DEBUG http-nio-8088-exec-1 freemarker.cache - TemplateLoader.findTemplateSource("error_zh_CN.ftl"): Not found
DEBUG http-nio-8088-exec-1 freemarker.cache - TemplateLoader.findTemplateSource("error_zh.ftl"): Not found
DEBUG http-nio-8088-exec-1 freemarker.cache - TemplateLoader.findTemplateSource("error.ftl"): Not found
DEBUG http-nio-8088-exec-1 freemarker.cache - Couldn't find template in cache for "error.ftl"("zh_CN", UTF-8, parsed); will try to load it.
DEBUG http-nio-8088-exec-1 freemarker.cache - TemplateLoader.findTemplateSource("error_zh_CN.ftl"): Not found
DEBUG http-nio-8088-exec-1 freemarker.cache - TemplateLoader.findTemplateSource("error_zh.ftl"): Not found
DEBUG http-nio-8088-exec-1 freemarker.cache - TemplateLoader.findTemplateSource("error.ftl"): Not found
DEBUG http-nio-8088-exec-3 freemarker.cache - "error.ftl"("zh_CN", UTF-8, parsed) cached copy not yet stale; using cached.
DEBUG http-nio-8088-exec-2 freemarker.cache - "error.ftl"("zh_CN", UTF-8, parsed) cached copy not yet stale; using cached.
DEBUG http-nio-8088-exec-7 freemarker.cache - "error.ftl"("zh_CN", UTF-8, parsed) cached copy not yet stale; using cached.
DEBUG http-nio-8088-exec-4 freemarker.cache - "error.ftl"("zh_CN", UTF-8, parsed) cached copy not yet stale; using cached.
DEBUG http-nio-8088-exec-1 freemarker.cache - "error.ftl"("zh_CN", UTF-8, parsed) cached copy not yet stale; using cached.
DEBUG http-nio-8088-exec-10 freemarker.cache - Couldn't find template in cache for "error.ftl"("zh_CN", UTF-8, parsed); will try to load it.
DEBUG http-nio-8088-exec-10 freemarker.cache - TemplateLoader.findTemplateSource("error_zh_CN.ftl"): Not found
DEBUG http-nio-8088-exec-10 freemarker.cache - TemplateLoader.findTemplateSource("error_zh.ftl"): Not found
DEBUG http-nio-8088-exec-10 freemarker.cache - TemplateLoader.findTemplateSource("error.ftl"): Not found
DEBUG http-nio-8088-exec-2 freemarker.cache - TemplateLoader.findTemplateSource("error_zh_CN.ftl"): Not found
DEBUG http-nio-8088-exec-2 freemarker.cache - TemplateLoader.findTemplateSource("error_zh.ftl"): Not found
DEBUG http-nio-8088-exec-2 freemarker.cache - TemplateLoader.findTemplateSource("error.ftl"): Not found
DEBUG http-nio-8088-exec-2 freemarker.cache - "error.ftl"("zh_CN", UTF-8, parsed) no source found.
DEBUG http-nio-8088-exec-5 freemarker.cache - Couldn't find template in cache for "error.ftl"("zh_CN", UTF-8, parsed); will try to load it.
DEBUG http-nio-8088-exec-5 freemarker.cache - TemplateLoader.findTemplateSource("error_zh_CN.ftl"): Not found
DEBUG http-nio-8088-exec-5 freemarker.cache - TemplateLoader.findTemplateSource("error_zh.ftl"): Not found
DEBUG http-nio-8088-exec-5 freemarker.cache - TemplateLoader.findTemplateSource("error.ftl"): Not found
DEBUG http-nio-8088-exec-6 freemarker.cache - Couldn't find template in cache for "error.ftl"("zh_CN", UTF-8, parsed); will try to load it.
DEBUG http-nio-8088-exec-6 freemarker.cache - TemplateLoader.findTemplateSource("error_zh_CN.ftl"): Not found
DEBUG http-nio-8088-exec-6 freemarker.cache - TemplateLoader.findTemplateSource("error_zh.ftl"): Not found
DEBUG http-nio-8088-exec-6 freemarker.cache - TemplateLoader.findTemplateSource("error.ftl"): Not found
DEBUG http-nio-8099-exec-3 freemarker.cache - Couldn't find template in cache for "error.ftl"("zh_CN", UTF-8, parsed); will try to load it.
DEBUG http-nio-8099-exec-3 freemarker.cache - TemplateLoader.findTemplateSource("error_zh_CN.ftl"): Not found
DEBUG http-nio-8099-exec-3 freemarker.cache - TemplateLoader.findTemplateSource("error_zh.ftl"): Not found
DEBUG http-nio-8099-exec-3 freemarker.cache - TemplateLoader.findTemplateSource("error.ftl"): Not found
DEBUG http-nio-8099-exec-2 freemarker.cache - TemplateLoader.findTemplateSource("error_zh_CN.ftl"): Not found
DEBUG http-nio-8099-exec-2 freemarker.cache - TemplateLoader.findTemplateSource("error_zh.ftl"): Not found
DEBUG http-nio-8099-exec-2 freemarker.cache - TemplateLoader.findTemplateSource("error.ftl"): Not found
DEBUG http-nio-8099-exec-2 freemarker.cache - "error.ftl"("zh_CN", UTF-8, parsed) no source found.
DEBUG http-nio-8099-exec-6 freemarker.cache - TemplateLoader.findTemplateSource("error_zh_CN.ftl"): Not found
DEBUG http-nio-8099-exec-6 freemarker.cache - TemplateLoader.findTemplateSource("error_zh.ftl"): Not found
DEBUG http-nio-8099-exec-6 freemarker.cache - TemplateLoader.findTemplateSource("error.ftl"): Not found
DEBUG http-nio-8099-exec-6 freemarker.cache - "error.ftl"("zh_CN", UTF-8, parsed) no source found.
DEBUG http-nio-8099-exec-10 freemarker.cache - TemplateLoader.findTemplateSource("error_zh_CN.ftl"): Not found
DEBUG http-nio-8099-exec-10 freemarker.cache - TemplateLoader.findTemplateSource("error_zh.ftl"): Not found
DEBUG http-nio-8099-exec-10 freemarker.cache - TemplateLoader.findTemplateSource("error.ftl"): Not found
DEBUG http-nio-8099-exec-10 freemarker.cache - "error.ftl"("zh_CN", UTF-8, parsed) no source found.
DEBUG http-nio-8099-exec-9 freemarker.cache - "error.ftl"("zh_CN", UTF-8, parsed) cached copy not yet stale; using cached.
DEBUG http-nio-8099-exec-5 freemarker.cache - TemplateLoader.findTemplateSource("error_zh_CN.ftl"): Not found
DEBUG http-nio-8099-exec-5 freemarker.cache - TemplateLoader.findTemplateSource("error_zh.ftl"): Not found
DEBUG http-nio-8099-exec-5 freemarker.cache - TemplateLoader.findTemplateSource("error.ftl"): Not found
DEBUG http-nio-8099-exec-5 freemarker.cache - "error.ftl"("zh_CN", UTF-8, parsed) no source found.
DEBUG http-nio-8099-exec-1 freemarker.cache - Couldn't find template in cache for "error.ftl"("zh_CN", UTF-8, parsed); will try to load it.
DEBUG http-nio-8099-exec-1 freemarker.cache - TemplateLoader.findTemplateSource("error_zh_CN.ftl"): Not found
DEBUG http-nio-8099-exec-1 freemarker.cache - TemplateLoader.findTemplateSource("error_zh.ftl"): Not found
DEBUG http-nio-8099-exec-1 freemarker.cache - TemplateLoader.findTemplateSource("error.ftl"): Not found
DEBUG http-nio-8099-exec-1 freemarker.cache - Couldn't find template in cache for "error.ftl"("zh_CN", UTF-8, parsed); will try to load it.
DEBUG http-nio-8099-exec-1 freemarker.cache - TemplateLoader.findTemplateSource("error_zh_CN.ftl"): Not found
DEBUG http-nio-8099-exec-1 freemarker.cache - TemplateLoader.findTemplateSource("error_zh.ftl"): Not found
DEBUG http-nio-8099-exec-1 freemarker.cache - TemplateLoader.findTemplateSource("error.ftl"): Not found
DEBUG http-nio-8099-exec-4 freemarker.cache - "error.ftl"("zh_CN", UTF-8, parsed) cached copy not yet stale; using cached.
DEBUG http-nio-8099-exec-6 freemarker.cache - TemplateLoader.findTemplateSource("error_zh_CN.ftl"): Not found
DEBUG http-nio-8099-exec-6 freemarker.cache - TemplateLoader.findTemplateSource("error_zh.ftl"): Not found
DEBUG http-nio-8099-exec-6 freemarker.cache - TemplateLoader.findTemplateSource("error.ftl"): Not found
DEBUG http-nio-8099-exec-6 freemarker.cache - "error.ftl"("zh_CN", UTF-8, parsed) no source found.
DEBUG http-nio-8099-exec-1 freemarker.cache - Couldn't find template in cache for "error.ftl"("zh_CN", UTF-8, parsed); will try to load it.
DEBUG http-nio-8099-exec-1 freemarker.cache - TemplateLoader.findTemplateSource("error_zh_CN.ftl"): Not found
DEBUG http-nio-8099-exec-1 freemarker.cache - TemplateLoader.findTemplateSource("error_zh.ftl"): Not found
DEBUG http-nio-8099-exec-1 freemarker.cache - TemplateLoader.findTemplateSource("error.ftl"): Not found
